         U loader_patch
00100000 00000198 T CustomModel_EditLinkToCustomTunic
00100198 0000016c T CustomModel_EditChildLinkToCustomTunic
00100304 0000014c T CustomModel_EditHeartContainerToDoubleDefense
00100450 00000088 T CustomModel_ApplyColorEditsToSmallKey
001004d8 00000570 T CustomModel_EditTitleScreenLogo
00100a48 00000040 T CustomModel_SetOcarinaToRGBA565
00100a88 00000080 T CustomModel_SetBossKeyToRGBA565
00100b08 00000008 T CustomModel_Update
00100b10 000001e8 t Entrance_SetNewDungeonEntrances
00100cf8 00000040 T Scene_Init
00100d38 00000250 T Entrance_Init
00100f88 00000008 T Entrance_DeathInGanonBattle
00100f90 00000014 T Entrance_GetRequiemEntrance
00100fa4 00000014 T Entrance_GetLWBridgeEntranceFromKokiriForest
00100fb8 00000050 T Entrance_IsLostWoodsBridge
00101008 000001b0 T Entrance_SetGameOverEntrance
001011b8 00000020 T Entrance_SetSavewarpEntrance
001011d8 00000008 T EnableFW
001011e0 000000a4 T GK_SetDurability
00101284 00000024 T IceTrap_IsPending
001012a8 00000044 T IceTrap_Push
001012ec 00000008 T LinkDamageNoKnockback
001012f4 00000008 T IceTrap_Give
001012fc 00000008 T IceTrap_Update
00101304 00000024 T ItemEffect_None
00101328 00000060 T ItemEffect_FullHeal
00101388 0000005c T ItemEffect_GiveTycoonWallet
001013e4 00000030 T ItemEffect_GiveBiggoronSword
00101414 00000084 T ItemEffect_GiveBottle
00101498 00000060 T ItemEffect_GiveDungeonItem
001014f8 00000070 T ItemEffect_GiveSmallKey
00101568 0000006c T ItemEffect_GiveDefense
001015d4 00000060 T ItemEffect_GiveMagic
00101634 0000006c T ItemEffect_GiveDoubleMagic
001016a0 00000030 T ItemEffect_GiveFairyOcarina
001016d0 000000a4 T ItemEffect_GiveSong
00101774 00000040 T ItemEffect_IceTrap
001017b4 00000050 T ItemEffect_BeanPack
00101804 00000290 T ItemEffect_GiveUpgrade
00101a94 00000084 T ItemEffect_FillWalletUpgrade
00101b18 00000148 T ItemEffect_OpenMaskShop
00101c60 000001c8 t MakeSpaceInItemMenu
00101e28 000001b4 t PushSlotIntoInventoryMenu
00101fdc 00000024 T ItemEffect_PlaceMagicArrowsInInventory
00102000 00000030 T ItemEffect_GiveChildKokiriSword
00102030 00000048 T ItemEffect_GiveStone
00102078 0000003c T ItemEffect_GiveMedallion
001020b4 00000054 T ItemEffect_MoveNabooru
00102108 00000054 T ItemEffect_GrannySellsPotions
0010215c 0000006c T ItemEffect_OwnAdultTrade
001021c8 000000e0 T ItemOverride_Init
001022a8 0000023c t ItemOverride_GetSearchKey
001024e4 000000f0 T ItemOverride_LookupByKey
001025d4 00000084 T ItemOverride_Lookup
00102658 00000128 t ItemOverride_Activate
00102780 00000088 t ItemOverride_Clear
00102808 00000094 t ItemOverride_PushPendingOverride
0010289c 00000024 T ItemOverride_IsAPendingOverride
001028c0 00000064 T ItemOverride_PushDelayedOverride
00102924 00000050 t ItemOverride_PopPendingOverride
00102974 00000160 t ItemOverride_AfterKeyReceived
00102ad4 00000054 t ItemOverride_PopIceTrap
00102b28 00000040 T ItemOverride_AfterItemReceived
00102b68 0000000c t ItemOverride_PlayerIsReady
00102b74 00000008 t ItemOverride_TryPendingItem
00102b7c 0000004c T ItemOverride_Update
00102bc8 00000020 T ItemOverride_GetItem
00102be8 00000014 T ItemOverride_GetItemTextAndItemID
00102bfc 00000014 T ItemOverride_GetSkulltulaToken
00102c10 00000008 T ItemOverride_EditDrawGetItemBeforeModelSpawn
00102c18 00000194 T ItemOverride_EditDrawGetItemAfterModelSpawn
00102dac 0000006c T ItemOverride_GiveSariasGift
00102e18 00000008 T ItemOverride_CheckZeldasLetter
00102e20 00000058 T ItemOverride_PushDungeonReward
00102e78 00000054 T ItemOverride_CheckStartingItem
00102ecc 0000006c T ItemTable_GetItemRow
00102f38 00000038 T ItemTable_GetItemRowFromIndex
00102f70 00000028 T ItemTable_SetBombchusChestType
00102f98 00000074 T ItemTable_ResolveUpgrades
0010300c 0000003c T ItemTable_CallEffect
00103048 00000020 T ItemUpgrade_None
00103068 00000038 T ItemUpgrade_Hookshot
001030a0 00000054 T ItemUpgrade_Strength
001030f4 00000054 T ItemUpgrade_BombBag
00103148 00000050 T ItemUpgrade_Quiver
00103198 00000054 T ItemUpgrade_BulletBag
001031ec 00000054 T ItemUpgrade_Wallet
00103240 00000040 T ItemUpgrade_Scale
00103280 00000054 T ItemUpgrade_Nuts
001032d4 00000054 T ItemUpgrade_Sticks
00103328 00000038 T ItemUpgrade_Magic
00103360 00000050 T ItemUpgrade_Bombchu
001033b0 00000038 T ItemUpgrade_Ocarina
001033e8 00000044 T ItemUpgrade_GoronSword
0010342c 0000003c T ItemUpgrade_ArrowsToRupee
00103468 00000040 T ItemUpgrade_BombsToRupee
001034a8 00000040 T ItemUpgrade_SeedsToRupee
001034e8 0000003c T ItemUpgrade_TokenToRupee
00103524 0000008c T ItemUpgrade_LetterToBottle
001035b0 0000011c T Message_GetCustomEntry
001036cc 00000048 T Message_GetCustomText
00103714 00000044 T ExtendedObject_Spawn
00103758 00000044 T ExtendedObject_Clear
0010379c 000000bc T ExtendedObject_GetIndex
00103858 0000007c T ExtendedObject_IsLoaded
001038d4 000000a4 T ExtendedObject_GetStatus
00103978 00000020 T ExtendedObject_GetCMABByIndex
00103998 0000001c T rHeap_Init
001039b4 0000006c T rHeap_Alloc
00103a20 000008c4 T SaveFile_Init
001042e4 00000020 T SaveFile_SaveChildBButton
00104304 0000007c T SaveFile_RestoreChildEquips
00104380 0000001c T SaveFile_CheckGerudoToken
0010439c 000000a4 T SaveFile_SwapFaroresWind
00104440 0000006c T SaveFile_GetMedallionCount
001044ac 0000006c T SaveFile_GetStoneCount
00104518 00000104 T SaveFile_GetDungeonCount
0010461c 00000088 t SaveFile_GiveStartingBottle
001046a4 00000830 T SaveFile_SetStartingInventory
00104ed4 0000004c T SaveFile_SetTradeItemAsOwned
00104f20 00000050 T SaveFile_UnsetTradeItemAsOwned
00104f70 00000050 T SaveFile_TradeItemIsOwned
00104fc0 0000000c T SaveFile_CheckForPocketCuccoHatch
00104fcc 000000c4 T SaveFile_ResetItemSlotsIfMatchesID
00105090 00000088 T SaveFile_SetOwnedTradeItemEquipped
00105118 000001d0 T Settings_ApplyDamageMultiplier
001052e8 00000048 T Settings_SetFullHealthRestore
00105330 00000018 T NoHealFromHealthUpgrades
00105348 00000018 T NoHealFromBombchuBowlingPrize
00105360 00000018 T FairyReviveHealAmount
00105378 00000018 T FairyUseHealAmount
00105390 00000008 T FairyPickupHealAmount
00105398 00000014 T Settings_GetQuickTextOption
001053ac 00000014 T Settings_GetSongReplaysOption
001053c0 0000000c T Settings_IsTurboText
001053cc 00000008 T Settings_SkipSongReplays
001053d4 00000104 T Hash
001054d8 00000080 T And
00105558 000000dc T Bias
00105634 0000004c T SpoilerData_GetItemLocationString
00105680 0000004c T SpoilerData_GetItemNameString
001056cc 00000078 R SCALE_TRAP
00105744 00000320 R hashIconNames
00105a64 0000003f D SmallKeyData
00105aa4 00000002 d newRequiemEntrance
00105aa6 00000002 d newLWBridgeEntranceFromKokiriForest
00105aa8 00000002 d newLWBridgeEntranceFromHyruleField
00105aaa 00000002 d newDodongosCavernEntrance
00105aac 00000002 d newJabuJabusBellyEntrance
00105aae 00000002 d newForestTempleEntrance
00105ab0 00000002 d newFireTempleEntrance
00105ab2 00000002 d newWaterTempleEntrance
00105ab4 00000002 d newSpiritTempleEntrance
00105ab6 00000002 d newShadowTempleEntrance
00105ab8 00000002 d newBottomOfTheWellEntrance
00105aba 00000002 d newGerudoTrainingGroundsEntrance
00105abc 00000002 d newIceCavernEntrance
00105ac0 0000174c d rItemTable
0010720c 00000004 D numCustomMessageEntries
00107210 00000600 b rEntranceOverrides
00107810 00000002 b newDekuTreeEntrance
00107814 00000001 b pendingFreezes
00107815 00000001 b cooldown
00107816 00000001 b modifyScale
00107818 00000040 b source
00107858 00001400 b rItemOverrides
00108c58 00000004 b rItemOverrides_Count
00108c5c 00000018 b rPendingOverrideQueue
00108c74 00000004 b rDummyActor
00108c78 00000008 b rActiveItemOverride
00108c80 00000004 B rActiveItemRow
00108c84 00000004 B rActiveItemActionId
00108c88 00000004 B rActiveItemTextId
00108c8c 00000004 B rActiveItemObjectId
00108c90 00000004 B rActiveItemGraphicId
00108c94 00000004 B rActiveItemFastChest
00108c98 00000001 b rSatisfiedPendingFrames
00108c9c 00000004 B ptrCustomMessageEntries
00108ca0 00000984 B rExtendedObjectCtx
00109624 000001b4 B rHeap
001097d8 00000004 B rHeap_Next
001097dc 000000a4 B gSettingsContext
00109880 00000001 B Damage32
00109884 000054d4 B gSpoilerData
