         w __cxa_pure_virtual
         w __deregister_frame_info
         w __gnu_Unwind_Find_exidx
         w __register_frame_info
         w userAppExit
         w userAppInit
00000000 00000401 B __ctru_dev_path_buf
00000000 b _TLS_MODULE_BASE_
00000000 a shift
00000000 a shift
00000404 00000802 B __ctru_dev_utf16_buf
00100000 A __start__
00100000 T _start
00100008 T __service_ptr
0010000c T __apt_appid
00100010 T __heap_size
00100014 T __linear_heap_size
00100018 T __system_arglist
0010001c T __system_runflags
00100020 t startup
00100058 t ClearMem
0010006c t ClrLoop
00100094 T _init
001000ac t .udivsi3_skip_div0_test
001000ac T __aeabi_uidiv
001000ac 000001ec T __udivsi3
00100298 00000020 T __aeabi_uidivmod
001002b8 T __aeabi_idiv
001002b8 00000220 T __divsi3
001002c0 t .divsi3_skip_div0_test
001004d8 00000020 T __aeabi_idivmod
001004f8 00000004 W __aeabi_idiv0
001004f8 00000004 W __aeabi_ldiv0
001004fc T __aeabi_drsub
00100504 000002b0 T __aeabi_dsub
00100504 000002b0 T __subdf3
00100508 000002ac T __adddf3
00100508 000002ac T __aeabi_dadd
001007b4 00000024 T __aeabi_ui2d
001007b4 00000024 T __floatunsidf
001007d8 00000028 T __aeabi_i2d
001007d8 00000028 T __floatsidf
00100800 00000048 T __aeabi_f2d
00100800 00000048 T __extendsfdf2
00100848 00000074 T __aeabi_ul2d
00100848 00000074 T __floatundidf
0010085c 00000060 T __aeabi_l2d
0010085c 00000060 T __floatdidf
001008bc T __aeabi_ldivmod
00100990 T __aeabi_uldivmod
001009cc 00000014 T __restore_core_regs
001009cc 00000014 T restore_core_regs
001009e0 T __gnu_Unwind_Restore_VFP
001009e8 T __gnu_Unwind_Save_VFP
001009f0 T __gnu_Unwind_Restore_VFP_D
001009f8 T __gnu_Unwind_Save_VFP_D
00100a00 T __gnu_Unwind_Restore_VFP_D_16_to_31
00100a08 T __gnu_Unwind_Save_VFP_D_16_to_31
00100a10 T __gnu_Unwind_Restore_WMMXD
00100a54 T __gnu_Unwind_Save_WMMXD
00100a98 T __gnu_Unwind_Restore_WMMXC
00100aac T __gnu_Unwind_Save_WMMXC
00100ac0 00000024 T ___Unwind_RaiseException
00100ac0 00000024 T _Unwind_RaiseException
00100ae4 00000024 T ___Unwind_Resume
00100ae4 00000024 T _Unwind_Resume
00100b08 00000024 T ___Unwind_Resume_or_Rethrow
00100b08 00000024 T _Unwind_Resume_or_Rethrow
00100b2c 00000024 T ___Unwind_ForcedUnwind
00100b2c 00000024 T _Unwind_ForcedUnwind
00100b50 00000024 T ___Unwind_Backtrace
00100b50 00000024 T _Unwind_Backtrace
00100b88 00000390 T strcmp
00100f10 t __do_global_dtors_aux
00100f50 t frame_dummy
00100f7c 00000064 t _GLOBAL__sub_I__Z14HintTable_Initv
00100fe0 00000100 t _GLOBAL__sub_D__Z14HintTable_Initv
001010e0 00000084 T Item::~Item()
001010e0 00000084 T Item::~Item()
00101164 0000006c t _GLOBAL__sub_I__Z14ItemTable_Initv
001011d0 0000002c t _GLOBAL__sub_D__Z14ItemTable_Initv
001011fc 00000028 W std::_Vector_base<unsigned long, std::allocator<unsigned long> >::~_Vector_base()
001011fc 00000028 W std::_Vector_base<unsigned long, std::allocator<unsigned long> >::~_Vector_base()
00101224 00000034 t _GLOBAL__sub_I_ItemPool
00101258 0000003c t _GLOBAL__sub_D_ItemPool
00101298 0000017c T main
00101414 000000b0 t void std::__cxx11::basic_string<char, std::char_traits<char>, std::allocator<char> >::_M_construct<char const*>(char const*, char const*, std::forward_iterator_tag) [clone .isra.0]
001014c4 000000b0 t void std::__cxx11::basic_string<char, std::char_traits<char>, std::allocator<char> >::_M_construct<char*>(char*, char*, std::forward_iterator_tag) [clone .isra.0]
00101574 000000ac T PrintTopScreen()
00101620 00000194 T MoveCursor(unsigned long)
001017b4 000000e0 T PrintMainMenu()
00101894 00000130 T PrintSubMenu()
001019c4 000001a8 T PrintPresetsMenu()
00101b6c 000002ac T PrintGenerateMenu()
00101e18 00000080 T ClearDescription()
00101e98 000001a4 T ModeChangeInit()
0010203c 00000270 T UpdatePresetsMenu(unsigned long)
001022ac 00000048 T PrintOptionDescription()
001022f4 0000028c T PrintOptionSubMenu()
00102580 000003f4 T GenerateRandomizer()
00102974 00000128 W void std::vector<Menu*, std::allocator<Menu*> >::_M_realloc_insert<Menu* const&>(__gnu_cxx::__normal_iterator<Menu**, std::vector<Menu*, std::allocator<Menu*> > >, Menu* const&)
00102a9c 00000588 T MenuUpdate(unsigned long)
00103024 0000016c T MenuInit()
00103190 00000028 t _GLOBAL__sub_I__Z14PrintTopScreenv
001031b8 0000007c t _GLOBAL__sub_D__Z14PrintTopScreenv
00103234 00000004 W std::_Sp_counted_ptr<decltype(nullptr), (__gnu_cxx::_Lock_policy)0>::_M_dispose()
00103238 0000000c W std::_Sp_counted_base<(__gnu_cxx::_Lock_policy)0>::_M_destroy()
00103244 000000b0 t void std::__cxx11::basic_string<char, std::char_traits<char>, std::allocator<char> >::_M_construct<char const*>(char const*, char const*, std::forward_iterator_tag) [clone .isra.0]
001032f4 00000164 t PresetPath(std::basic_string_view<char, std::char_traits<char> >, OptionCategory)
00103458 0000016c T CreatePresetDirectories()
001035c8 000000d8 T DeletePreset(std::basic_string_view<char, std::char_traits<char> >, OptionCategory)
001036a0 000000b0 W std::__cxx11::basic_string<char, std::char_traits<char>, std::allocator<char> >::basic_string<std::allocator<char> >(char const*, std::allocator<char> const&)
001036a0 000000b0 W std::__cxx11::basic_string<char, std::char_traits<char>, std::allocator<char> >::basic_string<std::allocator<char> >(char const*, std::allocator<char> const&)
00103750 00000290 W void std::vector<std::__cxx11::basic_string<char, std::char_traits<char>, std::allocator<char> >, std::allocator<std::__cxx11::basic_string<char, std::char_traits<char>, std::allocator<char> > > >::_M_realloc_insert<std::__cxx11::basic_string<char, std::char_traits<char>, std::allocator<char> > >(__gnu_cxx::__normal_iterator<std::__cxx11::basic_string<char, std::char_traits<char>, std::allocator<char> >*, std::vector<std::__cxx11::basic_string<char, std::char_traits<char>, std::allocator<char> >, std::allocator<std::__cxx11::basic_string<char, std::char_traits<char>, std::allocator<char> > > > >, std::__cxx11::basic_string<char, std::char_traits<char>, std::allocator<char> >&&)
001039e0 000004b0 T GetSettingsPresets[abi:cxx11]()
00103e90 00000040 t _GLOBAL__sub_I__Z23CreatePresetDirectoriesv
00103ed0 00000020 t _GLOBAL__sub_D__Z23CreatePresetDirectoriesv
00103ef0 000000b8 T SavePreset(std::basic_string_view<char, std::char_traits<char> >, OptionCategory)
00103fa8 0000002c T SaveCachedSettings()
00103fd4 00000030 T SaveCachedCosmetics()
00104004 000000c4 T LoadPreset(std::basic_string_view<char, std::char_traits<char> >, OptionCategory)
001040c8 0000033c T LoadCachedSettings()
00104404 0000033c T LoadCachedCosmetics()
00104740 000000e0 t _GLOBAL__sub_I_openRandomize
00104820 00000020 t _GLOBAL__sub_D_openRandomize
00104840 00000084 t std::vector<std::basic_string_view<char, std::char_traits<char> >, std::allocator<std::basic_string_view<char, std::char_traits<char> > > >::vector(std::initializer_list<std::basic_string_view<char, std::char_traits<char> > >, std::allocator<std::basic_string_view<char, std::char_traits<char> > > const&) [clone .constprop.0] [clone .isra.0]
001048c4 00000140 t std::vector<std::__cxx11::basic_string<char, std::char_traits<char>, std::allocator<char> >, std::allocator<std::__cxx11::basic_string<char, std::char_traits<char>, std::allocator<char> > > >::vector(std::initializer_list<std::__cxx11::basic_string<char, std::char_traits<char>, std::allocator<char> > >, std::allocator<std::__cxx11::basic_string<char, std::char_traits<char>, std::allocator<char> > > const&) [clone .constprop.0] [clone .isra.0]
00104a04 000000ac t std::__cxx11::basic_string<char, std::char_traits<char>, std::allocator<char> >::basic_string<std::allocator<char> >(char const*, std::allocator<char> const&) [clone .constprop.0] [clone .isra.0]
00104ab0 0000009c W Option::~Option()
00104ab0 0000009c W Option::~Option()
00104b4c 00000140 W Option::Bool(std::__cxx11::basic_string<char, std::char_traits<char>, std::allocator<char> >, std::vector<std::__cxx11::basic_string<char, std::char_traits<char>, std::allocator<char> >, std::allocator<std::__cxx11::basic_string<char, std::char_traits<char>, std::allocator<char> > > >, std::vector<std::basic_string_view<char, std::char_traits<char> >, std::allocator<std::basic_string_view<char, std::char_traits<char> > > >, OptionCategory, unsigned char, bool)
00104c8c 0000013c W Option::U8(std::__cxx11::basic_string<char, std::char_traits<char>, std::allocator<char> >, std::vector<std::__cxx11::basic_string<char, std::char_traits<char>, std::allocator<char> >, std::allocator<std::__cxx11::basic_string<char, std::char_traits<char>, std::allocator<char> > > >, std::vector<std::basic_string_view<char, std::char_traits<char> >, std::allocator<std::basic_string_view<char, std::char_traits<char> > > >, OptionCategory, unsigned char, bool)
00104dc8 000000e0 W Menu::SubMenu(std::__cxx11::basic_string<char, std::char_traits<char>, std::allocator<char> >, std::vector<Option*, std::allocator<Option*> >*, bool)
00104ea8 000000dc W Menu::Action(std::__cxx11::basic_string<char, std::char_traits<char>, std::allocator<char> >, unsigned char)
00104f84 000006e0 T Settings::SetDefaultSettings()
00105664 00000064 W std::vector<std::__cxx11::basic_string<char, std::char_traits<char>, std::allocator<char> >, std::allocator<std::__cxx11::basic_string<char, std::char_traits<char>, std::allocator<char> > > >::~vector()
00105664 00000064 W std::vector<std::__cxx11::basic_string<char, std::char_traits<char>, std::allocator<char> >, std::allocator<std::__cxx11::basic_string<char, std::char_traits<char>, std::allocator<char> > > >::~vector()
001056c8 00000028 W std::_Vector_base<std::basic_string_view<char, std::char_traits<char> >, std::allocator<std::basic_string_view<char, std::char_traits<char> > > >::~_Vector_base()
001056c8 00000028 W std::_Vector_base<std::basic_string_view<char, std::char_traits<char> >, std::allocator<std::basic_string_view<char, std::char_traits<char> > > >::~_Vector_base()
001056f0 00000094 W std::vector<Option*, std::allocator<Option*> >::vector(std::initializer_list<Option*>, std::allocator<Option*> const&)
001056f0 00000094 W std::vector<Option*, std::allocator<Option*> >::vector(std::initializer_list<Option*>, std::allocator<Option*> const&)
00105784 00000028 W std::_Vector_base<Option*, std::allocator<Option*> >::~_Vector_base()
00105784 00000028 W std::_Vector_base<Option*, std::allocator<Option*> >::~_Vector_base()
001057ac 00000140 W std::vector<std::__cxx11::basic_string<char, std::char_traits<char>, std::allocator<char> >, std::allocator<std::__cxx11::basic_string<char, std::char_traits<char>, std::allocator<char> > > >::vector(std::vector<std::__cxx11::basic_string<char, std::char_traits<char>, std::allocator<char> >, std::allocator<std::__cxx11::basic_string<char, std::char_traits<char>, std::allocator<char> > > > const&)
001057ac 00000140 W std::vector<std::__cxx11::basic_string<char, std::char_traits<char>, std::allocator<char> >, std::allocator<std::__cxx11::basic_string<char, std::char_traits<char>, std::allocator<char> > > >::vector(std::vector<std::__cxx11::basic_string<char, std::char_traits<char>, std::allocator<char> >, std::allocator<std::__cxx11::basic_string<char, std::char_traits<char>, std::allocator<char> > > > const&)
001058ec 000000b4 W std::__cxx11::basic_string<char, std::char_traits<char>, std::allocator<char> >::basic_string<std::basic_string_view<char, std::char_traits<char> >, void>(std::basic_string_view<char, std::char_traits<char> > const&, std::allocator<char> const&)
001058ec 000000b4 W std::__cxx11::basic_string<char, std::char_traits<char>, std::allocator<char> >::basic_string<std::basic_string_view<char, std::char_traits<char> >, void>(std::basic_string_view<char, std::char_traits<char> > const&, std::allocator<char> const&)
001059a0 000000a4 W std::vector<std::basic_string_view<char, std::char_traits<char> >, std::allocator<std::basic_string_view<char, std::char_traits<char> > > >::vector(std::vector<std::basic_string_view<char, std::char_traits<char> >, std::allocator<std::basic_string_view<char, std::char_traits<char> > > > const&)
001059a0 000000a4 W std::vector<std::basic_string_view<char, std::char_traits<char> >, std::allocator<std::basic_string_view<char, std::char_traits<char> > > >::vector(std::vector<std::basic_string_view<char, std::char_traits<char> >, std::allocator<std::basic_string_view<char, std::char_traits<char> > > > const&)
00105a44 00000094 W std::vector<Menu*, std::allocator<Menu*> >::vector(std::initializer_list<Menu*>, std::allocator<Menu*> const&)
00105a44 00000094 W std::vector<Menu*, std::allocator<Menu*> >::vector(std::initializer_list<Menu*>, std::allocator<Menu*> const&)
00105ad8 00000124 W std::vector<std::__cxx11::basic_string<char, std::char_traits<char>, std::allocator<char> >, std::allocator<std::__cxx11::basic_string<char, std::char_traits<char>, std::allocator<char> > > >::reserve(unsigned int)
00105bfc 00000028 W std::_Vector_base<Menu*, std::allocator<Menu*> >::~_Vector_base()
00105bfc 00000028 W std::_Vector_base<Menu*, std::allocator<Menu*> >::~_Vector_base()
00105c24 00000700 T Settings::InitSettings()
00106324 000001c0 T Settings::GlitchDifficultyOptions[abi:cxx11](unsigned char)
001064e4 00005d74 t __static_initialization_and_destruction_0(int, int) [clone .constprop.0]
0010c258 00000008 t _GLOBAL__sub_I__ZN8Settings4seedB5cxx11E
0010c260 00000008 t _GLOBAL__sub_D__ZN8Settings4seedB5cxx11E
0010c268 0000001c t _GLOBAL__sub_I_StartingInventory
0010c284 00000020 t _GLOBAL__sub_D_StartingInventory
0010c2a4 00000008 W tinyxml2::XMLNode::ToElement()
0010c2ac 00000008 W tinyxml2::XMLNode::ToText()
0010c2b4 00000008 W tinyxml2::XMLNode::ToComment()
0010c2bc 00000008 W tinyxml2::XMLNode::ToDocument()
0010c2c4 00000008 W tinyxml2::XMLNode::ToDeclaration()
0010c2cc 00000008 W tinyxml2::XMLNode::ToUnknown()
0010c2d4 00000008 W tinyxml2::XMLNode::ToElement() const
0010c2dc 00000008 W tinyxml2::XMLNode::ToText() const
0010c2e4 00000008 W tinyxml2::XMLNode::ToComment() const
0010c2ec 00000008 W tinyxml2::XMLNode::ToDocument() const
0010c2f4 00000008 W tinyxml2::XMLNode::ToDeclaration() const
0010c2fc 00000008 W tinyxml2::XMLNode::ToUnknown() const
0010c304 00000004 W tinyxml2::XMLText::ToText()
0010c308 00000004 W tinyxml2::XMLText::ToText() const
0010c30c 00000004 W tinyxml2::XMLComment::ToComment()
0010c310 00000004 W tinyxml2::XMLComment::ToComment() const
0010c314 00000004 W tinyxml2::XMLDeclaration::ToDeclaration()
0010c318 00000004 W tinyxml2::XMLDeclaration::ToDeclaration() const
0010c31c 00000004 W tinyxml2::XMLUnknown::ToUnknown()
0010c320 00000004 W tinyxml2::XMLUnknown::ToUnknown() const
0010c324 00000004 W tinyxml2::XMLElement::ToElement()
0010c328 00000004 W tinyxml2::XMLElement::ToElement() const
0010c32c 00000004 W tinyxml2::XMLDocument::ToDocument()
0010c330 00000004 W tinyxml2::XMLDocument::ToDocument() const
0010c334 00000008 W tinyxml2::XMLDocument::ShallowClone(tinyxml2::XMLDocument*) const
0010c33c 00000008 W tinyxml2::XMLDocument::ShallowEqual(tinyxml2::XMLNode const*) const
0010c344 00000008 W tinyxml2::XMLPrinter::VisitExit(tinyxml2::XMLDocument const&)
0010c34c 00000008 W tinyxml2::XMLPrinter::CompactMode(tinyxml2::XMLElement const&)
0010c354 00000078 T tinyxml2::XMLDocument::Accept(tinyxml2::XMLVisitor*) const
0010c3cc 00000018 T tinyxml2::XMLText::Accept(tinyxml2::XMLVisitor*) const
0010c3e4 00000018 T tinyxml2::XMLComment::Accept(tinyxml2::XMLVisitor*) const
0010c3fc 00000018 T tinyxml2::XMLDeclaration::Accept(tinyxml2::XMLVisitor*) const
0010c414 00000018 T tinyxml2::XMLUnknown::Accept(tinyxml2::XMLVisitor*) const
0010c42c 0000007c T tinyxml2::XMLElement::Accept(tinyxml2::XMLVisitor*) const
0010c4a8 00000008 W tinyxml2::MemPoolT<52>::ItemSize() const
0010c4b0 0000001c W tinyxml2::MemPoolT<52>::Free(void*)
0010c4cc 00000010 W tinyxml2::MemPoolT<52>::SetTracked()
0010c4dc 00000008 W tinyxml2::MemPoolT<56>::ItemSize() const
0010c4e4 0000001c W tinyxml2::MemPoolT<56>::Free(void*)
0010c500 00000010 W tinyxml2::MemPoolT<56>::SetTracked()
0010c510 00000008 W tinyxml2::MemPoolT<40>::ItemSize() const
0010c518 0000001c W tinyxml2::MemPoolT<40>::Free(void*)
0010c534 00000010 W tinyxml2::MemPoolT<40>::SetTracked()
0010c544 00000008 W tinyxml2::MemPoolT<60>::ItemSize() const
0010c54c 0000001c W tinyxml2::MemPoolT<60>::Free(void*)
0010c568 00000010 W tinyxml2::MemPoolT<60>::SetTracked()
0010c578 00000040 W tinyxml2::XMLPrinter::~XMLPrinter()
0010c578 00000040 W tinyxml2::XMLPrinter::~XMLPrinter()
0010c5b8 00000110 W tinyxml2::MemPoolT<40>::Alloc()
0010c6c8 00000118 W tinyxml2::MemPoolT<52>::Alloc()
0010c7e0 00000118 W tinyxml2::MemPoolT<56>::Alloc()
0010c8f8 00000110 W tinyxml2::MemPoolT<60>::Alloc()
0010ca08 00000044 T tinyxml2::XMLPrinter::VisitExit(tinyxml2::XMLElement const&)
0010ca4c 00000084 t tinyxml2::XMLPrinter::Putc(char) [clone .part.0]
0010cad0 0000006c W tinyxml2::MemPoolT<60>::~MemPoolT()
0010cad0 0000006c W tinyxml2::MemPoolT<60>::~MemPoolT()
0010cb3c 0000006c W tinyxml2::MemPoolT<40>::~MemPoolT()
0010cb3c 0000006c W tinyxml2::MemPoolT<40>::~MemPoolT()
0010cba8 00000074 W tinyxml2::MemPoolT<56>::~MemPoolT()
0010cba8 00000074 W tinyxml2::MemPoolT<56>::~MemPoolT()
0010cc1c 00000074 W tinyxml2::MemPoolT<52>::~MemPoolT()
0010cc1c 00000074 W tinyxml2::MemPoolT<52>::~MemPoolT()
0010cc90 00000078 W tinyxml2::MemPoolT<40>::~MemPoolT()
0010cd08 00000080 W tinyxml2::MemPoolT<56>::~MemPoolT()
0010cd88 00000080 W tinyxml2::MemPoolT<52>::~MemPoolT()
0010ce08 00000078 W tinyxml2::MemPoolT<60>::~MemPoolT()
0010ce80 0000004c W tinyxml2::XMLPrinter::~XMLPrinter()
0010cecc 00000048 W tinyxml2::XMLAttribute::~XMLAttribute()
0010cecc 00000048 W tinyxml2::XMLAttribute::~XMLAttribute()
0010cf14 00000054 W tinyxml2::XMLAttribute::~XMLAttribute()
0010cf68 00000090 T tinyxml2::StrPair::SetStr(char const*, int)
0010cff8 000000c4 T tinyxml2::StrPair::ParseText(char*, char const*, int, int*)
0010d0bc 000000e8 T tinyxml2::StrPair::ParseName(char*)
0010d1a4 000000c4 T tinyxml2::StrPair::CollapseWhitespace()
0010d268 00000100 T tinyxml2::XMLUtil::ConvertUTF32ToUTF8(unsigned long, char*, int*)
0010d368 0000013c T tinyxml2::XMLUtil::GetCharacterRef(char const*, char*, int*)
0010d4a4 000001f8 T tinyxml2::StrPair::GetStr()
0010d69c 000000b4 T tinyxml2::XMLComment::ShallowEqual(tinyxml2::XMLNode const*) const
0010d750 000000b4 T tinyxml2::XMLText::ShallowEqual(tinyxml2::XMLNode const*) const
0010d804 000000b4 T tinyxml2::XMLDeclaration::ShallowEqual(tinyxml2::XMLNode const*) const
0010d8b8 000000b4 T tinyxml2::XMLUnknown::ShallowEqual(tinyxml2::XMLNode const*) const
0010d96c 000001fc T tinyxml2::XMLUnknown::ShallowClone(tinyxml2::XMLDocument*) const
0010db68 000001fc T tinyxml2::XMLComment::ShallowClone(tinyxml2::XMLDocument*) const
0010dd64 0000020c T tinyxml2::XMLText::ShallowClone(tinyxml2::XMLDocument*) const
0010df70 00000114 T tinyxml2::XMLElement::ShallowEqual(tinyxml2::XMLNode const*) const
0010e084 00000c74 T tinyxml2::XMLDocument::Identify(char*, tinyxml2::XMLNode**)
0010ecf8 00000030 T tinyxml2::XMLNode::Value() const
0010ed28 00000070 T tinyxml2::XMLNode::ToElementWithName(char const*) const
0010ed98 0000003c T tinyxml2::XMLNode::FirstChildElement(char const*) const
0010edd4 00000114 T tinyxml2::XMLAttribute::ParseDeep(char*, bool, int*)
0010eee8 00000080 T tinyxml2::XMLElement::DeleteAttribute(tinyxml2::XMLAttribute*)
0010ef68 0000017c T tinyxml2::XMLElement::CreateAttribute()
0010f0e4 0000009c T tinyxml2::XMLElement::FindOrCreateAttribute(char const*)
0010f180 00000254 T tinyxml2::XMLElement::ShallowClone(tinyxml2::XMLDocument*) const
0010f3d4 00000148 T tinyxml2::XMLDocument::XMLDocument(bool, tinyxml2::Whitespace)
0010f3d4 00000148 T tinyxml2::XMLDocument::XMLDocument(bool, tinyxml2::Whitespace)
0010f51c 00000058 T tinyxml2::XMLDocument::MarkInUse(tinyxml2::XMLNode const*)
0010f574 0000005c T tinyxml2::XMLNode::DeleteNode(tinyxml2::XMLNode*)
0010f5d0 000000e8 T tinyxml2::XMLNode::~XMLNode()
0010f5d0 000000e8 T tinyxml2::XMLNode::~XMLNode()
0010f6b8 00000020 W tinyxml2::XMLText::~XMLText()
0010f6b8 00000020 W tinyxml2::XMLText::~XMLText()
0010f6d8 0000002c W tinyxml2::XMLText::~XMLText()
0010f704 00000020 T tinyxml2::XMLComment::~XMLComment()
0010f704 00000020 T tinyxml2::XMLComment::~XMLComment()
0010f724 0000002c T tinyxml2::XMLComment::~XMLComment()
0010f750 00000020 T tinyxml2::XMLDeclaration::~XMLDeclaration()
0010f750 00000020 T tinyxml2::XMLDeclaration::~XMLDeclaration()
0010f770 0000002c T tinyxml2::XMLDeclaration::~XMLDeclaration()
0010f79c 00000020 T tinyxml2::XMLUnknown::~XMLUnknown()
0010f79c 00000020 T tinyxml2::XMLUnknown::~XMLUnknown()
0010f7bc 0000002c T tinyxml2::XMLUnknown::~XMLUnknown()
0010f7e8 00000048 T tinyxml2::XMLElement::~XMLElement()
0010f7e8 00000048 T tinyxml2::XMLElement::~XMLElement()
0010f830 00000054 T tinyxml2::XMLElement::~XMLElement()
0010f884 000000b4 t tinyxml2::XMLNode::InsertEndChild(tinyxml2::XMLNode*) [clone .part.0]
0010f938 000000c8 T tinyxml2::XMLNode::InsertEndChild(tinyxml2::XMLNode*)
0010fa00 000001f4 T tinyxml2::XMLDocument::NewElement(char const*)
0010fbf4 00000204 T tinyxml2::XMLDocument::NewDeclaration(char const*)
0010fdf8 00000040 T tinyxml2::XMLDeclaration::ShallowClone(tinyxml2::XMLDocument*) const
0010fe38 000000f4 T tinyxml2::XMLDocument::SetError(tinyxml2::XMLError, int, char const*, ...)
0010ff2c 000000c8 T tinyxml2::XMLText::ParseDeep(char*, tinyxml2::StrPair*, int*)
0010fff4 0000005c T tinyxml2::XMLComment::ParseDeep(char*, tinyxml2::StrPair*, int*)
00110050 0000005c T tinyxml2::XMLDeclaration::ParseDeep(char*, tinyxml2::StrPair*, int*)
001100ac 0000005c T tinyxml2::XMLUnknown::ParseDeep(char*, tinyxml2::StrPair*, int*)
00110108 00000148 T tinyxml2::XMLDocument::Clear()
00110250 000001dc T tinyxml2::XMLDocument::~XMLDocument()
00110250 000001dc T tinyxml2::XMLDocument::~XMLDocument()
0011042c 00000020 T tinyxml2::XMLDocument::~XMLDocument()
0011044c 00000224 T tinyxml2::XMLElement::ParseAttributes(char*, int*)
00110670 000003d4 T tinyxml2::XMLNode::ParseDeep(char*, tinyxml2::StrPair*, int*)
00110a44 000000d8 T tinyxml2::XMLElement::ParseDeep(char*, tinyxml2::StrPair*, int*)
00110b1c 000000d4 T tinyxml2::XMLDocument::Parse()
00110bf0 000000f8 T tinyxml2::XMLDocument::LoadFile(__sFILE*)
00110ce8 00000098 T tinyxml2::XMLDocument::LoadFile(char const*)
00110d80 000000a8 T tinyxml2::XMLPrinter::XMLPrinter(__sFILE*, bool, int)
00110d80 000000a8 T tinyxml2::XMLPrinter::XMLPrinter(__sFILE*, bool, int)
00110e28 000000c4 T tinyxml2::XMLPrinter::Write(char const*, unsigned int)
00110eec 00000160 t tinyxml2::XMLPrinter::PrintString(char const*, bool) [clone .part.0]
0011104c 0000003c T tinyxml2::XMLPrinter::PrintSpace(int)
00111088 00000038 T tinyxml2::XMLPrinter::VisitEnter(tinyxml2::XMLDocument const&)
001110c0 0000017c T tinyxml2::XMLPrinter::CloseElement(bool)
0011123c 00000108 T tinyxml2::XMLDocument::Print(tinyxml2::XMLPrinter*) const
00111344 00000084 T tinyxml2::XMLDocument::SaveFile(__sFILE*, bool)
001113c8 0000009c T tinyxml2::XMLDocument::SaveFile(char const*, bool)
00111464 000001a8 T tinyxml2::XMLPrinter::OpenElement(char const*, bool)
0011160c 000000c4 T tinyxml2::XMLPrinter::PushAttribute(char const*, char const*)
001116d0 000000e4 T tinyxml2::XMLPrinter::VisitEnter(tinyxml2::XMLElement const&, tinyxml2::XMLAttribute const*)
001117b4 000000dc T tinyxml2::XMLPrinter::PushText(char const*, bool)
00111890 00000048 T tinyxml2::XMLPrinter::Visit(tinyxml2::XMLText const&)
001118d8 00000140 T tinyxml2::XMLPrinter::PushComment(char const*)
00111a18 00000044 T tinyxml2::XMLPrinter::Visit(tinyxml2::XMLComment const&)
00111a5c 00000140 T tinyxml2::XMLPrinter::PushDeclaration(char const*)
00111b9c 00000044 T tinyxml2::XMLPrinter::Visit(tinyxml2::XMLDeclaration const&)
00111be0 00000150 T tinyxml2::XMLPrinter::PushUnknown(char const*)
00111d30 00000044 T tinyxml2::XMLPrinter::Visit(tinyxml2::XMLUnknown const&)
00111d74 00000018 T consoleSelect
00111d8c 00000178 T consoleDrawChar
00111f04 00000124 T consolePrintChar
00112028 00000a00 T con_write
00112a28 00000168 T consoleInit
00112b90 000000f4 t newRow
00112c84 0000000c T consoleClear
00112c90 000000d0 t gfxPresentFramebuffer
00112d60 0000001c T gfxIsWide
00112d7c 000000ec T gfxSetScreenFormat
00112e68 00000010 T gfxSetDoubleBuffering
00112e78 00000108 T gfxInit
00112f80 00000010 T gfxInitDefault
00112f90 000000b4 T gfxExit
00113044 000000a0 T gfxGetFramebuffer
001130e4 0000010c T gfxFlushBuffers
001131f0 00000050 T gfxSwapBuffers
00113240 00000050 T gfxSwapBuffersGpu
00113290 00000c58 t gspHardwareInit
00113ee8 00000254 T gspInit
0011413c 000000f0 T gspExit
0011422c 00000010 T gspHasGpuRight
0011423c 00000098 T gspPresentBuffer
001142d4 00000050 T gspWaitForEvent
00114324 00000004 W gxCmdQueueInterrupt
00114328 00000160 t gspEventThreadMain
00114488 00000050 T GSPGPU_FlushDataCache
001144d8 00000034 T GSPGPU_SetLcdForceBlack
0011450c 00000068 T GSPGPU_AcquireRight
00114574 00000048 T GSPGPU_ReleaseRight
001145bc 0000007c T GSPGPU_ImportDisplayCaptureInfo
00114638 0000002c T GSPGPU_SaveVramSysArea
00114664 0000002c T GSPGPU_RestoreVramSysArea
00114690 000001b0 t aptConvertScreenForCapture
00114840 00000008 W aptDspSleep
00114848 00000004 W aptDspWakeup
0011484c 00000004 W aptDspCancel
00114850 0000015c T aptSendCommand
001149ac 00000038 t aptExitProcess
001149e4 00000050 T aptSetChainloader
00114a34 000002f0 T aptExit
00114d24 000000d8 T aptHandleSleep
00114dfc 00000084 T APT_SleepIfShellClosed
00114e80 00000084 T aptSetSleepAllowed
00114f04 00000084 T APT_UnlockTransition
00114f88 00000484 t aptEventHandler
0011540c 000000b0 T APT_ReceiveParameter
001154bc 000000b0 t aptReceiveParameter.constprop.0
00115570 000002bc t aptScreenTransfer
0011582c 000002d0 t aptWaitForWakeUp.isra.0
00115afc 000000f8 T aptJumpToHomeMenu
00115bf4 0000004c T aptMainLoop
00115c40 00000234 T aptInit
00115e74 0000007c T APT_CheckNew3DS
00115ef0 00000024 W hidShouldUseIrrst
00115f14 0000018c T hidInit
001160a0 000000e8 T hidExit
00116188 00000294 T hidScanInput
0011641c 00000010 T hidKeysHeld
0011642c 00000010 T hidKeysDown
0011643c 000000c8 T fsInit
00116504 0000003c T fsExit
00116540 00000060 T fsExemptFromSession
001165a0 00000050 T fsUnexemptFromSession
001165f0 00000084 T fsMakePath
00116674 000000cc T FSUSER_OpenFile
00116740 000000bc T FSUSER_DeleteFile
001167fc 000000f8 T FSUSER_RenameFile
001168f4 000000bc T FSUSER_DeleteDirectory
001169b0 000000d4 T FSUSER_CreateFile
00116a84 000000c4 T FSUSER_CreateDirectory
00116b48 000000f8 T FSUSER_RenameDirectory
00116c40 000000b4 T FSUSER_OpenDirectory
00116cf4 00000094 T FSUSER_OpenArchive
00116d88 0000008c T FSUSER_CloseArchive
00116e14 00000074 T FSUSER_GetSdmcArchiveResource
00116e88 00000064 T FSUSER_IsSdmcWritable
00116eec 00000058 T FSFILE_Read
00116f44 00000060 T FSFILE_Write
00116fa4 00000038 T FSFILE_GetSize
00116fdc 00000028 T FSFILE_SetSize
00117004 0000003c T FSFILE_Close
00117040 00000024 T FSFILE_Flush
00117064 00000050 T FSDIR_Read
001170b4 0000003c T FSDIR_Close
001170f0 00000038 W __libctru_init
00117128 000000f0 W __system_initArgv
00117218 T svcControlMemory
00117238 T svcQueryMemory
00117268 T svcExitProcess
00117270 T svcCreateThread
00117290 T svcExitThread
00117298 T svcSleepThread
001172a0 T svcReleaseMutex
001172a8 T svcCreateEvent
001172bc T svcSignalEvent
001172c4 T svcClearEvent
001172cc T svcMapMemoryBlock
001172d4 T svcUnmapMemoryBlock
001172dc T svcCreateAddressArbiter
001172f0 T svcArbitrateAddressNoTimeout
001172f8 T svcCloseHandle
00117300 T svcWaitSynchronization
00117308 T svcWaitSynchronizationN
00117330 T svcDuplicateHandle
00117344 T svcGetSystemTick
0011734c T svcConnectToPort
00117360 T svcSendSyncRequest
00117368 T svcGetResourceLimit
0011737c T svcGetResourceLimitLimitValues
00117384 T svcGetResourceLimitCurrentValues
0011738c T svcBreak
00117394 W initSystem
001173e4 W __ctru_exit
001173fc 00000024 t addrMapNodeComparator(rbtree_node const*, rbtree_node const*)
00117420 00000004 t addrMapNodeDestructor(rbtree_node*)
00117424 00000114 T vramMemAlign
00117538 00000008 T vramAlloc
00117540 0000005c T vramFree
0011759c 00000024 t addrMapNodeComparator(rbtree_node const*, rbtree_node const*)
001175c0 00000004 t addrMapNodeDestructor(rbtree_node*)
001175c4 00000120 T linearMemAlign
001176e4 00000008 T linearAlloc
001176ec 0000005c T linearFree
00117748 00000084 T MemPool::CoalesceRight(MemBlock*)
001177cc 00000170 T MemPool::Allocate(MemChunk&, unsigned long, int)
0011793c 000000fc T MemPool::Deallocate(MemChunk const&)
00117a38 0000000c T __sync_init
00117a44 00000018 T __sync_fini
00117a5c 0000002c T syncArbitrateAddress
00117a88 0000001c T LightLock_Init
00117aa4 00000094 T LightLock_Lock
00117b38 00000044 T LightLock_TryLock
00117b7c 00000040 T LightLock_Unlock
00117bbc 00000024 T RecursiveLock_Init
00117be0 00000030 T RecursiveLock_Lock
00117c10 00000078 T RecursiveLock_TryLock
00117c88 00000054 T RecursiveLock_Unlock
00117cdc 00000040 T LightEvent_Init
00117d1c 000000a4 T LightEvent_Clear
00117dc0 000000c8 T LightEvent_Signal
00117e88 00000058 T LightEvent_TryWait
00117ee0 000000b0 T LightEvent_Wait
00117f90 00000084 W envGetHandle
00118014 00000050 W envDestroyHandles
00118064 00000054 T osGetTimeRef
001180b8 000000e4 T osGetTime
0011819c 00000074 T __libctru_gtod
00118210 00000034 T __ctru_speedup_config
00118244 00000124 T srvInit
00118368 00000058 T srvExit
001183c0 00000080 T srvGetServiceHandleDirect
00118440 00000048 T srvGetServiceHandle
00118488 00000038 T srvPublishToSubscriber
001184c0 00000188 T threadCreate
00118648 0000002c T threadFree
00118674 00000024 T threadJoin
00118698 00000030 T threadGetCurrent
001186c8 00000040 T threadExit
00118708 00000044 t _thread_begin
0011874c 00000094 t mappableFindAddressWithin
001187e0 00000028 T mappableInit
00118808 00000080 T mappableAlloc
00118888 00000004 T mappableFree
0011888c 00000160 T irrstInit
001189ec 000000cc T irrstExit
00118ab8 000000b0 T irrstScanInput
00118b68 00000024 T irrstKeysHeld
00118b8c 0000000c T srvPmGetSessionHandle
00118b98 00000074 T ptmSysmInit
00118c0c 0000003c T ptmSysmExit
00118c48 00000034 T PTMSYSM_ConfigureNew3DSCPU
00118c7c 00000010 T rbtree_init
00118c8c 000001a0 t do_insert
00118e2c 00000008 T rbtree_insert
00118e34 00000090 T rbtree_rotate
00118ec4 00000338 T rbtree_remove
001191fc 00000074 T rbtree_find
00119270 00000030 W __appInit
001192a0 00000030 t __libctru_nanosleep
001192d0 00000030 t __libctru_get_reent
00119300 000000f8 T __system_initSyscalls
001193f8 000001e0 W __system_allocateHeaps
001195d8 00000030 W __appExit
00119608 00000090 W __libctru_exit
00119698 00000014 t archive_link
001196ac 00000014 t archive_dirreset
001196c0 00000014 t archive_chmod
001196d4 00000024 t error_cmp
001196f8 00000050 t archive_translate_error
00119748 000000d4 t archive_seek
0011981c 0000007c t _archiveInit.part.0
00119898 0000008c t archiveFindDevice.part.0
00119924 00000294 t archive_utf16path
00119bb8 000000a0 t _archiveUnmountDeviceStruct.part.0
00119c58 00000014 t archive_fchmod
00119c6c 00000014 t archive_statvfs
00119c80 00000158 t _archiveMountDevice
00119dd8 000000e8 t archive_diropen
00119ec0 000000a4 t archive_fstat
00119f64 0000006c t archive_close
00119fd0 0000006c t archive_fsync
0011a03c 00000070 t archive_dirclose
0011a0ac 000000e8 t sdmc_statvfs
0011a194 00000080 t archive_ftruncate
0011a214 000000fc t archive_chdir
0011a310 000000b0 t archive_read
0011a3c0 000000ac t archive_unlink
0011a46c 000000c8 t archive_rmdir
0011a534 000000ec t archive_mkdir
0011a620 000001a8 t archive_stat
0011a7c8 00000184 t archive_rename
0011a94c 00000168 t archive_dirnext
0011aab4 0000012c t archive_write
0011abe0 000001f0 t archive_open
0011add0 000001a4 T archiveMountSdmc
0011af74 00000054 T archiveUnmountAll
0011afc8 00000050 T rbtree_node_next
0011b018 000000e8 T utf16_to_utf8
0011b100 00000064 T decode_utf16
0011b164 0000013c T decode_utf8
0011b2a0 000000c0 T utf8_to_utf16
0011b360 T __aeabi_read_tp
0011b36c 00000060 T encode_utf16
0011b3cc 000000fc T encode_utf8
0011b4c8 00000004 T operator delete(void*, unsigned int)
0011b4cc 00000004 T operator delete[](void*)
0011b4d0 0000005c T operator new(unsigned int)
0011b52c 00000004 T operator new[](unsigned int)
0011b530 00000088 W std::string::_Rep::_S_create(unsigned int, unsigned int, std::allocator<char> const&)
0011b5b8 00000004 W std::string::_Rep::_M_destroy(std::allocator<char> const&)
0011b5bc 000000a4 t _GLOBAL__sub_I__ZNSt12ctype_bynameIcEC2ERKNSt7__cxx1112basic_stringIcSt11char_traitsIcESaIcEEEj
0011b660 000000a4 t _GLOBAL__sub_I__ZNSt12ctype_bynameIwEC2ERKNSt7__cxx1112basic_stringIcSt11char_traitsIcESaIcEEEj
0011b704 0000002c T std::__throw_bad_alloc()
0011b730 0000002c T std::__throw_bad_array_new_length()
0011b75c 00000048 T std::__throw_logic_error(char const*)
0011b7a4 00000048 T std::__throw_invalid_argument(char const*)
0011b7ec 00000048 T std::__throw_length_error(char const*)
0011b834 00000048 T std::__throw_out_of_range(char const*)
0011b87c 0000007c T std::__throw_out_of_range_fmt(char const*, ...)
0011b8f8 000000f4 t _GLOBAL__sub_I__ZNSt12ctype_bynameIcEC2ERKSsj
0011b9ec 00000070 T __gnu_cxx::__throw_insufficient_space(char const*, char const*)
0011ba5c 00000080 T __gnu_cxx::__concat_size_t(char*, unsigned int, unsigned int)
0011badc 0000012c T __gnu_cxx::__snprintf_lite(char*, unsigned int, char const*, std::__va_list)
0011bc08 00000058 W std::__cxx11::basic_string<char, std::char_traits<char>, std::allocator<char> >::_M_create(unsigned int&, unsigned int)
0011bc60 00000014 W std::__cxx11::basic_string<char, std::char_traits<char>, std::allocator<char> >::_M_dispose()
0011bc74 00000084 W std::__cxx11::basic_string<char, std::char_traits<char>, std::allocator<char> >::_M_construct(unsigned int, char)
0011bcf8 000000bc W std::__cxx11::basic_string<char, std::char_traits<char>, std::allocator<char> >::_M_assign(std::__cxx11::basic_string<char, std::char_traits<char>, std::allocator<char> > const&)
0011bdb4 00000100 W std::__cxx11::basic_string<char, std::char_traits<char>, std::allocator<char> >::_M_mutate(unsigned int, unsigned int, char const*, unsigned int)
0011beb4 0000009c W std::__cxx11::basic_string<char, std::char_traits<char>, std::allocator<char> >::reserve(unsigned int)
0011bf50 00000124 W std::__cxx11::basic_string<char, std::char_traits<char>, std::allocator<char> >::_M_replace_aux(unsigned int, unsigned int, unsigned int, char)
0011c074 00000050 W std::__cxx11::basic_string<char, std::char_traits<char>, std::allocator<char> >::resize(unsigned int, char)
0011c0c4 0000028c W std::__cxx11::basic_string<char, std::char_traits<char>, std::allocator<char> >::_M_replace(unsigned int, unsigned int, char const*, unsigned int)
0011c350 00000090 W std::__cxx11::basic_string<char, std::char_traits<char>, std::allocator<char> >::_M_append(char const*, unsigned int)
0011c3e0 00000078 W std::__cxx11::basic_string<char, std::char_traits<char>, std::allocator<char> >::rfind(char const*, unsigned int, unsigned int) const
0011c458 00000044 W std::__cxx11::basic_string<char, std::char_traits<char>, std::allocator<char> >::rfind(char, unsigned int) const
0011c49c 000000f4 t _GLOBAL__sub_I__ZNSt12ctype_bynameIwEC2ERKSsj
0011c590 00000004 W std::_Sp_counted_ptr_inplace<std::filesystem::__cxx11::_Dir, std::allocator<std::filesystem::__cxx11::_Dir>, (__gnu_cxx::_Lock_policy)0>::~_Sp_counted_ptr_inplace()
0011c590 00000004 W std::_Sp_counted_ptr_inplace<std::filesystem::__cxx11::_Dir, std::allocator<std::filesystem::__cxx11::_Dir>, (__gnu_cxx::_Lock_policy)0>::~_Sp_counted_ptr_inplace()
0011c594 00000018 W std::_Sp_counted_ptr_inplace<std::filesystem::__cxx11::_Dir, std::allocator<std::filesystem::__cxx11::_Dir>, (__gnu_cxx::_Lock_policy)0>::~_Sp_counted_ptr_inplace()
0011c5ac 00000008 W std::_Sp_counted_ptr_inplace<std::filesystem::__cxx11::_Dir, std::allocator<std::filesystem::__cxx11::_Dir>, (__gnu_cxx::_Lock_policy)0>::_M_destroy()
0011c5b4 00000038 W std::_Sp_counted_ptr_inplace<std::filesystem::__cxx11::_Dir, std::allocator<std::filesystem::__cxx11::_Dir>, (__gnu_cxx::_Lock_policy)0>::_M_get_deleter(std::type_info const&)
0011c5ec 0000007c W std::_Sp_counted_ptr_inplace<std::filesystem::__cxx11::_Dir, std::allocator<std::filesystem::__cxx11::_Dir>, (__gnu_cxx::_Lock_policy)0>::_M_dispose()
0011c668 00000050 W std::_Sp_counted_base<(__gnu_cxx::_Lock_policy)0>::_M_release()
0011c6b8 0000052c W std::filesystem::__cxx11::_Dir::advance(bool, std::error_code&)
0011cbe4 00000080 W std::filesystem::__cxx11::_Dir::~_Dir()
0011cbe4 00000080 W std::filesystem::__cxx11::_Dir::~_Dir()
0011cc64 0000000c T std::filesystem::__cxx11::directory_iterator::operator*() const
0011cc70 00000020 W std::unique_ptr<std::filesystem::__cxx11::path::_List::_Impl, std::filesystem::__cxx11::path::_List::_Impl_deleter>::~unique_ptr()
0011cc70 00000020 W std::unique_ptr<std::filesystem::__cxx11::path::_List::_Impl, std::filesystem::__cxx11::path::_List::_Impl_deleter>::~unique_ptr()
0011cc90 000003f4 T std::filesystem::__cxx11::directory_iterator::directory_iterator(std::filesystem::__cxx11::path const&, std::filesystem::directory_options, std::error_code*)
0011cc90 000003f4 T std::filesystem::__cxx11::directory_iterator::directory_iterator(std::filesystem::__cxx11::path const&, std::filesystem::directory_options, std::error_code*)
0011d084 00000184 T std::filesystem::__cxx11::directory_iterator::operator++()
0011d208 0000000c T std::filesystem::__cxx11::filesystem_error::what() const
0011d214 00000004 W std::_Sp_counted_ptr_inplace<std::filesystem::__cxx11::filesystem_error::_Impl, std::allocator<std::filesystem::__cxx11::filesystem_error::_Impl>, (__gnu_cxx::_Lock_policy)0>::~_Sp_counted_ptr_inplace()
0011d214 00000004 W std::_Sp_counted_ptr_inplace<std::filesystem::__cxx11::filesystem_error::_Impl, std::allocator<std::filesystem::__cxx11::filesystem_error::_Impl>, (__gnu_cxx::_Lock_policy)0>::~_Sp_counted_ptr_inplace()
0011d218 00000018 W std::_Sp_counted_ptr_inplace<std::filesystem::__cxx11::filesystem_error::_Impl, std::allocator<std::filesystem::__cxx11::filesystem_error::_Impl>, (__gnu_cxx::_Lock_policy)0>::~_Sp_counted_ptr_inplace()
0011d230 00000038 W std::_Sp_counted_ptr_inplace<std::filesystem::__cxx11::filesystem_error::_Impl, std::allocator<std::filesystem::__cxx11::filesystem_error::_Impl>, (__gnu_cxx::_Lock_policy)0>::_M_get_deleter(std::type_info const&)
0011d268 00000008 W std::_Sp_counted_ptr_inplace<std::filesystem::__cxx11::filesystem_error::_Impl, std::allocator<std::filesystem::__cxx11::filesystem_error::_Impl>, (__gnu_cxx::_Lock_policy)0>::_M_destroy()
0011d270 000000b0 t void std::__cxx11::basic_string<char, std::char_traits<char>, std::allocator<char> >::_M_construct<char const*>(char const*, char const*, std::forward_iterator_tag) [clone .isra.0]
0011d320 00000078 T std::filesystem::__cxx11::filesystem_error::~filesystem_error()
0011d320 00000078 T std::filesystem::__cxx11::filesystem_error::~filesystem_error()
0011d398 00000084 T std::filesystem::__cxx11::filesystem_error::~filesystem_error()
0011d41c 00000260 W std::system_error::system_error(std::error_code, std::__cxx11::basic_string<char, std::char_traits<char>, std::allocator<char> > const&)
0011d41c 00000260 W std::system_error::system_error(std::error_code, std::__cxx11::basic_string<char, std::char_traits<char>, std::allocator<char> > const&)
0011d67c 00000078 T std::filesystem::__cxx11::path::_List::_Impl_deleter::operator()(std::filesystem::__cxx11::path::_List::_Impl*) const
0011d6f4 00000080 W std::filesystem::__cxx11::path::_List::_Impl::_M_erase_from(std::filesystem::__cxx11::path::_Cmpt const*)
0011d774 00000040 W std::filesystem::__cxx11::path::_Cmpt::~_Cmpt()
0011d774 00000040 W std::filesystem::__cxx11::path::_Cmpt::~_Cmpt()
0011d7b4 00000088 W std::_Sp_counted_ptr_inplace<std::filesystem::__cxx11::filesystem_error::_Impl, std::allocator<std::filesystem::__cxx11::filesystem_error::_Impl>, (__gnu_cxx::_Lock_policy)0>::_M_dispose()
0011d83c 0000000c T std::filesystem::__cxx11::path::_List::_List()
0011d83c 0000000c T std::filesystem::__cxx11::path::_List::_List()
0011d848 00000068 W std::filesystem::__cxx11::path::_List::clear()
0011d8b0 00000064 T std::filesystem::__cxx11::path::has_filename() const
0011d914 000000c0 T std::filesystem::__cxx11::path::_M_find_extension() const
0011d9d4 00000554 T std::filesystem::__cxx11::path::_M_split_cmpts()
0011df28 00000168 T std::filesystem::__cxx11::path::_List::reserve(int, bool)
0011e090 000003e8 W std::filesystem::__cxx11::filesystem_error::_Impl::make_what(std::basic_string_view<char, std::char_traits<char> >, std::filesystem::__cxx11::path const*, std::filesystem::__cxx11::path const*)
0011e478 00000090 T std::filesystem::__cxx11::path::_List::_List(std::filesystem::__cxx11::path::_List const&)
0011e478 00000090 T std::filesystem::__cxx11::path::_List::_List(std::filesystem::__cxx11::path::_List const&)
0011e508 0000018c W std::filesystem::__cxx11::path::_List::_Impl::copy() const
0011e694 000003d8 T std::filesystem::__cxx11::path::_List::operator=(std::filesystem::__cxx11::path::_List const&)
0011ea6c 0000003c T std::filesystem::__cxx11::path::operator=(std::filesystem::__cxx11::path const&)
0011eaa8 000009ec T std::filesystem::__cxx11::path::_M_append(std::basic_string_view<char, std::char_traits<char> >)
0011f494 00000024 W std::__allocated_ptr<std::allocator<std::_Sp_counted_ptr_inplace<std::filesystem::__cxx11::filesystem_error::_Impl, std::allocator<std::filesystem::__cxx11::filesystem_error::_Impl>, (__gnu_cxx::_Lock_policy)0> > >::~__allocated_ptr()
0011f494 00000024 W std::__allocated_ptr<std::allocator<std::_Sp_counted_ptr_inplace<std::filesystem::__cxx11::filesystem_error::_Impl, std::allocator<std::filesystem::__cxx11::filesystem_error::_Impl>, (__gnu_cxx::_Lock_policy)0> > >::~__allocated_ptr()
0011f4b8 000001d0 T std::filesystem::__cxx11::filesystem_error::filesystem_error(std::__cxx11::basic_string<char, std::char_traits<char>, std::allocator<char> > const&, std::error_code)
0011f4b8 000001d0 T std::filesystem::__cxx11::filesystem_error::filesystem_error(std::__cxx11::basic_string<char, std::char_traits<char>, std::allocator<char> > const&, std::error_code)
0011f688 000001c0 T std::filesystem::__cxx11::filesystem_error::filesystem_error(std::__cxx11::basic_string<char, std::char_traits<char>, std::allocator<char> > const&, std::filesystem::__cxx11::path const&, std::error_code)
0011f688 000001c0 T std::filesystem::__cxx11::filesystem_error::filesystem_error(std::__cxx11::basic_string<char, std::char_traits<char>, std::allocator<char> > const&, std::filesystem::__cxx11::path const&, std::error_code)
0011f848 0000000c T std::bad_alloc::what() const
0011f854 00000020 T std::bad_alloc::~bad_alloc()
0011f854 00000020 T std::bad_alloc::~bad_alloc()
0011f874 0000002c T std::bad_alloc::~bad_alloc()
0011f8a0 0000000c T std::bad_array_new_length::what() const
0011f8ac 00000020 T std::bad_array_new_length::~bad_array_new_length()
0011f8ac 00000020 T std::bad_array_new_length::~bad_array_new_length()
0011f8cc 0000002c T std::bad_array_new_length::~bad_array_new_length()
0011f8f8 0000005c T __cxxabiv1::__class_type_info::__do_upcast(__cxxabiv1::__class_type_info const*, void**) const
0011f954 00000014 T __cxxabiv1::__class_type_info::__do_find_public_src(int, void const*, __cxxabiv1::__class_type_info const*, void const*) const
0011f968 00000020 T __cxxabiv1::__class_type_info::~__class_type_info()
0011f968 00000020 T __cxxabiv1::__class_type_info::~__class_type_info()
0011f988 0000002c T __cxxabiv1::__class_type_info::~__class_type_info()
0011f9b4 00000068 T __cxxabiv1::__class_type_info::__do_dyncast(int, __cxxabiv1::__class_type_info::__sub_kind, __cxxabiv1::__class_type_info const*, void const*, __cxxabiv1::__class_type_info const*, void const*, __cxxabiv1::__class_type_info::__dyncast_result&) const
0011fa1c 0000002c T __cxxabiv1::__class_type_info::__do_upcast(__cxxabiv1::__class_type_info const*, void const*, __cxxabiv1::__class_type_info::__upcast_result&) const
0011fa48 00000044 T __cxxabiv1::__class_type_info::__do_catch(std::type_info const*, void**, unsigned int) const
0011fa8c 00000004 T operator delete(void*)
0011fa90 000000d0 t (anonymous namespace)::pool::free(void*) [clone .constprop.0]
0011fb60 00000098 t (anonymous namespace)::pool::allocate(unsigned int) [clone .constprop.0]
0011fbf8 00000044 T __cxa_allocate_exception
0011fc3c 00000030 T __cxa_free_exception
0011fc6c 00000040 t _GLOBAL__sub_I__ZN9__gnu_cxx9__freeresEv
0011fcac T __cxa_end_cleanup
0011fcbc 00000134 T __cxa_type_match
0011fdf0 000000b4 T __cxa_begin_cleanup
0011fea4 000000b4 T __gnu_end_cleanup
0011ff58 00000070 t __cxxabiv1::__is_gxx_exception_class(char*)
0011ffc8 0000002c T __cxa_call_terminate
0011fff4 00000154 T __cxa_call_unexpected
00120148 000000cc T __cxa_begin_catch
00120214 000000e0 T __cxa_end_catch
001202f4 00000004 T std::exception::~exception()
001202f4 00000004 T std::exception::~exception()
001202f8 00000004 T std::bad_exception::~bad_exception()
001202f8 00000004 T std::bad_exception::~bad_exception()
001202fc 0000000c T transaction clone for std::bad_exception::what() const
001202fc 0000000c T std::bad_exception::what() const
00120308 00000018 T std::bad_exception::~bad_exception()
00120320 0000000c T __cxa_get_globals_fast
0012032c 0000000c T __cxa_get_globals
00120338 0000016c t read_encoded_value_with_base(unsigned char, unsigned int, unsigned char const*, unsigned int*)
001204a4 00000060 t base_of_encoded_value(unsigned char, _Unwind_Context*)
00120504 000000d8 t parse_lsda_header(_Unwind_Context*, unsigned char const*, lsda_header_info*)
001205dc 000006f8 T __gxx_personality_v0
00120cd4 00000014 T __cxxabiv1::__terminate(void (*)())
00120ce8 00000018 T std::terminate()
00120d00 0000000c T __cxxabiv1::__unexpected(void (*)())
00120d0c 00000018 T std::unexpected()
00120d24 00000014 T std::get_terminate()
00120d38 00000014 T std::get_unexpected()
00120d4c 00000070 t __gxx_exception_cleanup(_Unwind_Reason_Code, _Unwind_Control_Block*)
00120dbc 00000070 T __cxa_init_primary_exception
00120e2c 00000058 T __cxa_throw
00120e84 000000b0 T __cxa_rethrow
00120f34 00000014 T std::get_new_handler()
00120f48 00000020 T __cxxabiv1::__si_class_type_info::~__si_class_type_info()
00120f48 00000020 T __cxxabiv1::__si_class_type_info::~__si_class_type_info()
00120f68 0000002c T __cxxabiv1::__si_class_type_info::~__si_class_type_info()
00120f94 0000006c T __cxxabiv1::__si_class_type_info::__do_find_public_src(int, void const*, __cxxabiv1::__class_type_info const*, void const*) const
00121000 000000dc T __cxxabiv1::__si_class_type_info::__do_dyncast(int, __cxxabiv1::__class_type_info::__sub_kind, __cxxabiv1::__class_type_info const*, void const*, __cxxabiv1::__class_type_info const*, void const*, __cxxabiv1::__class_type_info::__dyncast_result&) const
001210dc 00000044 T __cxxabiv1::__si_class_type_info::__do_upcast(__cxxabiv1::__class_type_info const*, void const*, __cxxabiv1::__class_type_info::__upcast_result&) const
00121120 00000004 T std::type_info::~type_info()
00121120 00000004 T std::type_info::~type_info()
00121124 00000008 T std::type_info::__is_pointer_p() const
00121124 00000008 T std::type_info::__is_function_p() const
0012112c 0000004c T std::type_info::operator==(std::type_info const&) const
00121178 00000008 T std::logic_error::what() const
00121178 00000008 T std::runtime_error::what() const
00121180 00000064 T std::runtime_error::~runtime_error()
00121180 00000064 T std::runtime_error::~runtime_error()
001211e4 00000064 T std::logic_error::~logic_error()
001211e4 00000064 T std::logic_error::~logic_error()
00121248 0000006c T std::runtime_error::~runtime_error()
001212b4 00000064 T std::length_error::~length_error()
001212b4 00000064 T std::length_error::~length_error()
00121318 00000064 T std::out_of_range::~out_of_range()
00121318 00000064 T std::out_of_range::~out_of_range()
0012137c 00000064 T std::invalid_argument::~invalid_argument()
0012137c 00000064 T std::invalid_argument::~invalid_argument()
001213e0 0000006c T std::logic_error::~logic_error()
0012144c 0000006c T std::out_of_range::~out_of_range()
001214b8 0000006c T std::invalid_argument::~invalid_argument()
00121524 0000006c T std::length_error::~length_error()
00121590 000000d4 T std::logic_error::logic_error(char const*)
00121590 000000d4 T std::logic_error::logic_error(char const*)
00121664 00000020 T std::invalid_argument::invalid_argument(char const*)
00121664 00000020 T std::invalid_argument::invalid_argument(char const*)
00121684 00000020 T std::length_error::length_error(char const*)
00121684 00000020 T std::length_error::length_error(char const*)
001216a4 00000020 T std::out_of_range::out_of_range(char const*)
001216a4 00000020 T std::out_of_range::out_of_range(char const*)
001216c4 000000bc T std::__cow_string::__cow_string(char const*, unsigned int)
001216c4 000000bc T std::__cow_string::__cow_string(char const*, unsigned int)
00121780 00000030 T std::runtime_error::runtime_error(std::__cxx11::basic_string<char, std::char_traits<char>, std::allocator<char> > const&)
00121780 00000030 T std::runtime_error::runtime_error(std::__cxx11::basic_string<char, std::char_traits<char>, std::allocator<char> > const&)
001217b0 0000000c t (anonymous namespace)::generic_error_category::name() const
001217bc 0000000c t (anonymous namespace)::system_error_category::name() const
001217c8 000000c4 t (anonymous namespace)::system_error_category::default_error_condition(int) const
0012188c 0000000c T std::_V2::error_category::default_error_condition(int) const
00121898 00000054 T std::_V2::error_category::equivalent(int, std::error_condition const&) const
001218ec 00000020 T std::_V2::error_category::equivalent(std::error_code const&, int) const
0012190c 00000004 t (anonymous namespace)::system_error_category::~system_error_category()
0012190c 00000004 t (anonymous namespace)::system_error_category::~system_error_category()
00121910 00000004 t (anonymous namespace)::generic_error_category::~generic_error_category()
00121910 00000004 t (anonymous namespace)::generic_error_category::~generic_error_category()
00121914 00000014 t (anonymous namespace)::system_error_category::~system_error_category()
00121928 00000014 t (anonymous namespace)::generic_error_category::~generic_error_category()
0012193c 00000020 T std::system_error::~system_error()
0012193c 00000020 T std::system_error::~system_error()
0012195c 00000028 T std::system_error::~system_error()
00121984 00000060 T std::_V2::error_category::_M_message[abi:cxx11](int) const
001219e4 000000b4 t (anonymous namespace)::system_error_category::message[abi:cxx11](int) const
001219e4 000000b4 t (anonymous namespace)::generic_error_category::message[abi:cxx11](int) const
00121a98 0000000c T std::_V2::system_category()
00121aa4 0000000c T std::_V2::generic_category()
00121ab0 00000120 T __udivmoddi4
00121bd0 00000018 t selfrel_offset31
00121be8 00000090 t search_EIT_table
00121c78 00000040 t __gnu_unwind_get_pr_addr
00121cb8 00000108 t get_eit_entry
00121dc0 00000088 t restore_non_core_regs
00121e48 00000014 t _Unwind_decode_typeinfo_ptr.constprop.0
00121e5c 00000004 t _Unwind_DebugHook
00121e60 00000064 t unwind_phase2
00121ec4 00000134 t unwind_phase2_forced
00121ff8 000000a4 T __gnu_Unwind_RaiseException
0012209c 00000028 T __gnu_Unwind_ForcedUnwind
001220c4 00000074 T __gnu_Unwind_Resume
00122138 00000020 T __gnu_Unwind_Resume_or_Rethrow
00122158 00000004 T _Unwind_Complete
0012215c 00000018 T _Unwind_DeleteException
00122174 0000005c T _Unwind_VRS_Get
001221d0 0000002c t _Unwind_GetGR
001221fc 0000005c T _Unwind_VRS_Set
00122258 0000002c t _Unwind_SetGR
00122284 000000c0 T __gnu_Unwind_Backtrace
00122344 0000041c t __gnu_unwind_pr_common
00122760 00000008 T __aeabi_unwind_cpp_pr0
00122768 00000008 W __aeabi_unwind_cpp_pr1
00122770 00000008 W __aeabi_unwind_cpp_pr2
00122778 000003f4 T _Unwind_VRS_Pop
00122b6c 00000064 t next_unwind_byte
00122bd0 0000002c t _Unwind_GetGR.constprop.0
00122bfc 00000004 t unwind_UCB_from_context
00122c00 0000040c T __gnu_unwind_execute
0012300c 00000048 T __gnu_unwind_frame
00123054 00000010 T _Unwind_GetRegionStart
00123064 0000001c T _Unwind_GetLanguageSpecificData
00123080 00000008 T _Unwind_GetDataRelBase
00123088 00000008 T _Unwind_GetTextRelBase
00123090 00000014 T abort
001230a4 00000078 T bsearch
0012311c 0000000c T __errno
00123128 00000034 T exit
0012315c 00000160 T _fclose_r
001232bc 00000020 T fclose
001232dc 00000088 T ferror
00123364 00000258 T __sflush_r
001235bc 00000094 T _fflush_r
00123650 00000038 T fflush
00123688 000000b4 T fgetc
0012373c 0000000c T _cleanup_r
00123748 00000184 T __sinit
001238cc 00000134 T __sfp
00123a00 0000000c T __sfp_lock_acquire
00123a0c 0000000c T __sfp_lock_release
00123a18 0000003c T __libc_fini_array
00123a54 000000cc T __sflags
00123b20 00000140 T _fopen_r
00123c60 00000028 T fopen
00123c88 00000094 T fputc
00123d1c 000002d4 T _fread_r
00123ff0 00000038 T fread
00124028 000000f8 T _malloc_trim_r
00124120 000002e4 T _free_r
00124404 0000001c T _fseek_r
00124420 00000034 T fseek
00124454 00000598 T _fseeko_r
001249ec 00000034 T ftell
00124a20 000001bc T _ftello_r
00124bdc 00000068 T _fwalk
00124c44 00000070 T _fwalk_reent
00124cb4 000000f8 T _fwrite_r
00124dac 00000038 T fwrite
00124de4 0000007c T __libc_init_array
00124e60 00000034 T iprintf
00124e94 00000018 T isalpha
00124eac 00000018 T isspace
00124ec4 00000008 T iswspace
00124ecc 00000010 T __locale_mb_cur_max
00124edc 00000138 T __smakebuf_r
00125014 0000008c T __swhatbuf_r
001250a0 00000028 T memalign
001250c8 00000150 T _memalign_r
00125218 00000020 T malloc
00125238 00000020 T free
00125258 000007e0 T _malloc_r
00125a38 00000068 T _mbrtowc_r
00125aa0 000002e4 T __utf8_mbtowc
00125d84 000000e0 T memchr
00125e64 000000a8 T memcmp
00125f0c 0000011c T memcpy
00126028 00000154 T memmove
0012617c 00000118 T memset
00126294 0000000c T __malloc_lock
001262a0 0000000c T __malloc_unlock
001262ac 00000034 T printf
001262e0 000000dc T _putc_r
001263bc 000000e0 T _puts_r
0012649c 00000020 T puts
001264bc 0000001c T srand
001264d8 00000044 T rand
0012651c 0000001c t lflush
00126538 000001ac T __srefill_r
001266e4 00000050 T __srget_r
00126734 00000260 T setvbuf
00126994 00000098 T _raise_r
00126a2c 00000020 T raise
00126a4c 000000cc T snprintf
00126b18 00000074 T sscanf
00126b8c 00000044 T __sread
00126bd0 00000008 T __seofread
00126bd8 00000068 T __swrite
00126c40 00000048 T __sseek
00126c88 00000008 T __sclose
00126c90 0000012c T strchr
00126dbc 0000063c T _strerror_r
001273f8 00000028 T strerror
00127420 0000005c T strlen
0012747c 000000ec T strncat
00127568 000000dc T strncmp
00127644 000000c0 T strncpy
00127704 00000048 T strnlen
00127750 00001368 T _strtod_l
00128ab8 0000000c T _strtod_r
00128ac4 000001a4 t _strtol_l.part.0
00128c68 0000003c T _strtol_r
00128ca4 00000058 T strtol
00128cfc 000001c4 t _strtoul_l.constprop.0
00128ec0 00000004 T _strtoul_r
00128ec4 00000628 t get_arg
001294f0 000035b8 T _svfprintf_r
0012caa8 00000050 t get_arg
0012caf8 00002bbc T __ssvfscanf_r
0012f6b4 0000003c T time
0012f6f0 00000008 T _user_strerror
0012f6f8 00000628 t get_arg
0012fd20 00000030 T __sprint_r
0012fd50 0000233c T _vfiprintf_r
0013208c 000000d4 t __sbprintf
00132160 00000628 t get_arg
00132788 00003684 T _vfprintf_r
00135e0c 000000d4 t __sbprintf
00135ee0 000000a4 T _vsnprintf_r
00135f84 00000038 T vsnprintf
00135fbc 00000108 T __swbuf_r
001360c4 00000054 T _wcrtomb_r
00136118 00000028 T _wcsrtombs_r
00136140 000000f0 T __utf8_wctomb
00136230 00000154 T __swsetup_r
00136384 00000114 T __call_exitprocs
00136498 000001ac t quorem
00136648 000012cc T _dtoa_r
00137914 000004c0 T __sfvwrite_r
00137dd4 000000ec t rshift
00137ec0 00000904 T __gethex
001387c4 0000004c T __match
00138810 0000029c T __hexnan
00138aac 0000003c T iswspace_l
00138ae8 000001d4 t __jp2uc
00138cbc 0000009c T _jp2uc_l
00138d58 0000000c T _localeconv_r
00138d64 00000088 T _Balloc
00138dec 0000001c T _Bfree
00138e08 000000f4 T __multadd
00138efc 00000110 T __s2b
0013900c 00000058 T __hi0bits
00139064 00000094 T __lo0bits
001390f8 000000a4 T __i2b
0013919c 00000204 T __multiply
001393a0 00000120 T __pow5mult
001394c0 0000013c T __lshift
001395fc 00000058 T __mcmp
00139654 000001cc T __mdiff
00139820 00000074 T __ulp
00139894 000000d0 T __b2d
00139964 00000124 T __d2b
00139a88 00000078 T __ratio
00139b00 00000088 T __copybits
00139b88 0000005c T __any_on
00139be4 00000028 T realloc
00139c0c 00000558 T _realloc_r
0013a164 000000e4 T __sccl
0013a248 0000000c T nanf
0013a258 000000a8 T frexp
0013a300 00000010 T nan
0013a310 00000064 T sprintf
0013a374 000000b8 T stpncpy
0013a42c 0000022c t _strtoll_l.constprop.0
0013a658 00000004 T _strtoll_r
0013a65c 00000244 t _strtoull_l.constprop.0
0013a8a0 00000004 T _strtoull_r
0013a8a4 00000190 T __ssprint_r
0013aa34 000000e0 T _sungetc_r
0013ab14 0000006c T __ssrefill_r
0013ab80 000000c8 T _sfread_r
0013ac48 000000a8 T __submore
0013acf0 00000190 T _wcsnrtombs_l
0013ae80 0000004c T _wcsnrtombs_r
0013aecc 00000054 T __assert_func
0013af20 000000bc T _calloc_r
0013afdc 00000084 T category
0013b060 0000003c T fiprintf
0013b09c 00000008 t null_write
0013b0a4 00000018 T setDefaultDevice
0013b0bc 000000c8 T FindDevice
0013b184 00000028 T RemoveDevice
0013b1ac 0000009c T AddDevice
0013b248 00000020 T GetDeviceOpTab
0013b268 00000078 T _fstat_r
0013b2e0 00000014 T _getpid_r
0013b2f4 00000038 T _gettimeofday_r
0013b32c 00000008 T _isatty_r
0013b334 00000014 T _kill_r
0013b348 00000084 T _lseek_r
0013b3cc 000000c8 T _open_r
0013b494 00000080 T _read_r
0013b514 00000078 T _sbrk_r
0013b58c 00000080 T _write_r
0013b60c 00000024 T _exit
0013b630 000001b8 T _concatenate_path
0013b7e8 00000160 T chdir
0013b948 00000008 T __flockfile
0013b950 00000008 T __funlockfile
0013b958 00000018 T __libc_lock_acquire
0013b970 00000018 T __libc_lock_release
0013b988 00000018 T __libc_lock_init_recursive
0013b9a0 00000018 T __libc_lock_acquire_recursive
0013b9b8 00000018 T __libc_lock_release_recursive
0013b9d0 00000018 T __libc_lock_close_recursive
0013b9e8 0000008c T __release_handle
0013ba74 000000b4 T __alloc_handle
0013bb28 0000003c T __get_handle
0013bb64 000000f4 T _close_r
0013bc58 00000068 t __dirnext
0013bcc0 000000f4 T opendir
0013bdb4 00000090 T closedir
0013be44 000000b8 T readdir
0013befc 00000028 T __getreent
0013bf24 00000038 T __aeabi_d2lz
0013bf24 00000038 T __fixdfdi
0013bf60 00000040 T __aeabi_d2ulz
0013bf60 00000040 T __fixunsdfdi
0013bfa0 00000044 T strrchr
0013bfe4 T _fini
0013c000 00000010 r GetBasePath(OptionCategory)::paths
0013c010 00000014 r Settings::GlitchDifficultyOptions[abi:cxx11](unsigned char)::glitchDifficulties
0013c174 00000008 r Cosmetics::RANDOM_CHOICE_STR
0013c17c 00000008 r Cosmetics::RANDOM_COLOR_STR
0013c184 00000008 r Cosmetics::CUSTOM_COLOR_STR
0013c20c 0000003c r tinyxml2::entities
0013c248 00000050 R vtable for tinyxml2::XMLUnknown
0013c298 00000050 R vtable for tinyxml2::XMLComment
0013c2e8 00000050 R vtable for tinyxml2::XMLText
0013c338 00000010 r tinyxml2::XMLUtil::ToBool(char const*, bool*)::TRUE_VALS
0013c348 00000010 r tinyxml2::XMLUtil::ToBool(char const*, bool*)::FALSE_VALS
0013c358 00000050 R vtable for tinyxml2::XMLDeclaration
0013c3a8 00000050 R vtable for tinyxml2::XMLElement
0013c3f8 00000050 R vtable for tinyxml2::XMLNode
0013c448 00000050 R vtable for tinyxml2::XMLDocument
0013c498 0000003c R vtable for tinyxml2::XMLPrinter
0013c4d4 00000004 r tinyxml2::XMLPrinter::PushHeader(bool, bool)::bom
0013c780 r .LC25
0013c78c r .LC26
0013c924 r .LC46
0013c998 000000c9 V std::__detail::__to_chars_10_impl<unsigned int>(char*, unsigned int, unsigned int)::__digits
0013cb10 r .LC11
0013cb60 r .LC15
00140364 r .LC2
00141638 00000010 V vtable for tinyxml2::XMLAttribute
00141648 00000020 V vtable for tinyxml2::MemPoolT<60>
00141668 00000020 V vtable for tinyxml2::MemPoolT<40>
00141688 00000020 V vtable for tinyxml2::MemPoolT<56>
001416a8 00000020 V vtable for tinyxml2::MemPoolT<52>
00141734 00000030 r colorTable
00141764 00000070 r dotab_stdout
001417f8 00000008 r morton_x.3
00141800 00000008 r morton_y.2
00141808 00000008 r s_sleepWakeEvents.4
00141830 R default_font_bin
00142030 R default_font_bin_end
00142064 00000070 r archive_devoptab
001420d4 00000030 r error_table
00142270 0000002f V typeinfo name for std::_Mutex_base<(__gnu_cxx::_Lock_policy)0>
001422a0 00000008 V typeinfo for std::_Mutex_base<(__gnu_cxx::_Lock_policy)0>
001422a8 00000018 V typeinfo name for std::_Sp_make_shared_tag
001422c0 00000008 V typeinfo for std::_Sp_make_shared_tag
001422c8 00000034 V typeinfo name for std::_Sp_counted_base<(__gnu_cxx::_Lock_policy)0>
001422fc 0000000c V typeinfo for std::_Sp_counted_base<(__gnu_cxx::_Lock_policy)0>
00142308 0000005f V typeinfo name for std::_Sp_counted_ptr_inplace<std::filesystem::__cxx11::_Dir, std::allocator<std::filesystem::__cxx11::_Dir>, (__gnu_cxx::_Lock_policy)0>
00142368 0000000c V typeinfo for std::_Sp_counted_ptr_inplace<std::filesystem::__cxx11::_Dir, std::allocator<std::filesystem::__cxx11::_Dir>, (__gnu_cxx::_Lock_policy)0>
00142374 0000001c V vtable for std::_Sp_counted_ptr_inplace<std::filesystem::__cxx11::_Dir, std::allocator<std::filesystem::__cxx11::_Dir>, (__gnu_cxx::_Lock_policy)0>
00142390 00000008 V std::_Sp_make_shared_tag::_S_ti()::__tag
00142398 0000000d r CSWTCH.141
0014243c 00000072 V typeinfo name for std::_Sp_counted_ptr_inplace<std::filesystem::__cxx11::filesystem_error::_Impl, std::allocator<std::filesystem::__cxx11::filesystem_error::_Impl>, (__gnu_cxx::_Lock_policy)0>
001424b0 0000000c V typeinfo for std::_Sp_counted_ptr_inplace<std::filesystem::__cxx11::filesystem_error::_Impl, std::allocator<std::filesystem::__cxx11::filesystem_error::_Impl>, (__gnu_cxx::_Lock_policy)0>
001424bc 0000001c V vtable for std::_Sp_counted_ptr_inplace<std::filesystem::__cxx11::filesystem_error::_Impl, std::allocator<std::filesystem::__cxx11::filesystem_error::_Impl>, (__gnu_cxx::_Lock_policy)0>
001424d8 00000001 V std::filesystem::__cxx11::path::preferred_separator
001424dc 0000000c R typeinfo for std::filesystem::__cxx11::filesystem_error
001424e8 0000002b R typeinfo name for std::filesystem::__cxx11::filesystem_error
00142514 00000014 R vtable for std::filesystem::__cxx11::filesystem_error
00142538 0000000c R typeinfo for std::bad_alloc
00142544 0000000d R typeinfo name for std::bad_alloc
00142554 00000014 R vtable for std::bad_alloc
00142584 0000000c R typeinfo for std::bad_array_new_length
00142590 00000019 R typeinfo name for std::bad_array_new_length
001425ac 00000014 R vtable for std::bad_array_new_length
001425c0 0000000c R typeinfo for __cxxabiv1::__class_type_info
001425cc 00000022 R typeinfo name for __cxxabiv1::__class_type_info
001425f0 0000002c R vtable for __cxxabiv1::__class_type_info
00142630 00000008 R typeinfo for __cxxabiv1::__forced_unwind
00142638 00000008 R typeinfo for __cxxabiv1::__foreign_exception
00142640 0000000c R typeinfo for std::bad_exception
0014264c 00000008 R typeinfo for std::exception
00142654 00000020 R typeinfo name for __cxxabiv1::__forced_unwind
00142674 00000024 R typeinfo name for __cxxabiv1::__foreign_exception
00142698 00000012 R typeinfo name for std::bad_exception
001426ac 0000000d R typeinfo name for std::exception
001426bc 00000014 R vtable for std::bad_exception
001426d0 0000000c R typeinfo for __cxxabiv1::__si_class_type_info
001426dc 00000025 R typeinfo name for __cxxabiv1::__si_class_type_info
00142704 0000002c R vtable for __cxxabiv1::__si_class_type_info
00142730 00000008 R typeinfo for std::type_info
00142738 0000000d R typeinfo name for std::type_info
00142748 0000000c R typeinfo for std::logic_error
00142754 0000000c R typeinfo for std::length_error
00142760 0000000c R typeinfo for std::out_of_range
0014276c 0000000c R typeinfo for std::runtime_error
00142778 0000000c R typeinfo for std::invalid_argument
00142784 00000010 R typeinfo name for std::logic_error
00142794 00000011 R typeinfo name for std::length_error
001427a8 00000011 R typeinfo name for std::out_of_range
001427bc 00000012 R typeinfo name for std::runtime_error
001427d0 00000015 R typeinfo name for std::invalid_argument
001427e8 00000014 R vtable for std::logic_error
001427fc 00000014 R vtable for std::length_error
00142810 00000014 R vtable for std::out_of_range
00142824 00000014 R vtable for std::runtime_error
00142838 00000014 R vtable for std::invalid_argument
00142888 0000000c r typeinfo for (anonymous namespace)::system_error_category
00142894 0000000c r typeinfo for (anonymous namespace)::generic_error_category
001428a0 00000008 R typeinfo for std::_V2::error_category
001428a8 0000000c R typeinfo for std::system_error
001428b4 00000029 r typeinfo name for (anonymous namespace)::system_error_category
001428e0 0000002a r typeinfo name for (anonymous namespace)::generic_error_category
0014290c 00000019 R typeinfo name for std::_V2::error_category
00142928 00000011 R typeinfo name for std::system_error
0014293c 00000028 r vtable for (anonymous namespace)::system_error_category
00142964 00000028 r vtable for (anonymous namespace)::generic_error_category
0014298c 00000014 R vtable for std::system_error
001429a0 00000101 R _ctype_
00142aa4 00000004 R _global_impure_ptr
001431fc 00000014 r fpi.1
00143210 00000014 r fpinan.0
00143228 00000028 r tinytens
0014328c 00000010 r blanks.1
0014329c 00000010 r zeroes.0
001432b4 00000022 r basefix.0
001432d8 00000010 r blanks.1
001432e8 00000010 r zeroes.0
001432f8 00000010 r blanks.1
00143308 00000010 r zeroes.0
001433c4 00000100 R __hexdig
001434d8 000000bc r a1
00143594 000000bc r a2
00143650 0000005b r a3
001436ac 00000070 r a6
0014371c 000000a2 r a7
001437c0 00000040 r a8
00143800 0000172a r b02cf
00144f2c 00001a7c r d02f4
001469a8 0000000c R _C_numeric_locale
001469f8 00000028 R __mprec_bigtens
00146a20 000000c8 R __mprec_tens
00146ae8 0000000c r p05.0
00146af4 0000006c R __action_table
00146b60 00000100 R __chclass
00146c60 0000006c R __state_table
00146d0c 000031e6 r categories
00149ef4 00000070 R dotab_stdnull
00149f64 r 
0014a2d0 R __exidx_start
0014a5f0 R __exidx_end
0014b000 00000008 D GlitchTripleSlashClipDescNovice
0014b008 00000008 D GlitchTripleSlashClipDescDisabled
0014b010 00000008 D GlitchLedgeClipDescIntermediate
0014b018 00000008 D GlitchLedgeClipDescNovice
0014b020 00000008 D GlitchLedgeClipDescDisabled
0014b028 00000008 D GlitchHookshotJump_BootsDescIntermediate
0014b030 00000008 D GlitchHookshotJump_BootsDescNovice
0014b038 00000008 D GlitchHookshotJump_BootsDescDisabled
0014b040 00000008 D GlitchHookshotJump_BonkDescIntermediate
0014b048 00000008 D GlitchHookshotJump_BonkDescDisabled
0014b050 00000008 D GlitchHookshotClipDescNovice
0014b058 00000008 D GlitchHookshotClipDescDisabled
0014b060 00000008 D GlitchMegaflipDescIntermediate
0014b068 00000008 D GlitchMegaflipDescNovice
0014b070 00000008 D GlitchMegaflipDescDisabled
0014b078 00000008 D GlitchHoverDescAdvanced
0014b080 00000008 D GlitchHoverDescIntermediate
0014b088 00000008 D GlitchHoverDescNovice
0014b090 00000008 D GlitchHoverDescDisabled
0014b098 00000008 D GlitchISGDescNovice
0014b0a0 00000008 D GlitchISGDescDisabled
0014b0a8 00000008 D ToggleLogicNoneDesc
0014b0b0 00000008 D advancedTrapDmgDesc
0014b0b8 00000008 D basicTrapDmgDesc
0014b0c0 00000008 D randomTrapDmgDesc
0014b0c8 00000008 D shuffleOcaMusicDesc
0014b0d0 00000008 D fanfaresOcarinaDesc
0014b0d8 00000008 D onlyFanfaresDesc
0014b0e0 00000008 D fanfaresOffDesc
0014b0e8 00000008 D shuffleBGMDesc
0014b0f0 00000008 D musicRandoDesc
0014b0f8 00000008 D coloredBossKeysDesc
0014b100 00000008 D coloredKeysDesc
0014b108 00000008 D gkDurabilityRandomSafe
0014b110 00000008 D gkDurabilityRandomRisk
0014b118 00000008 D gkDurabilityVanilla
0014b120 00000008 D removeDDDesc
0014b128 00000008 D iceTrapsOnslaught
0014b130 00000008 D iceTrapsMayhem
0014b138 00000008 D iceTrapsExtra
0014b140 00000008 D iceTrapsNormal
0014b148 00000008 D iceTrapsOff
0014b150 00000008 D itemPoolMinimal
0014b158 00000008 D itemPoolScarce
0014b160 00000008 D itemPoolBalanced
0014b168 00000008 D itemPoolPlentiful
0014b170 00000008 D startWithMaxRupeesDesc
0014b178 00000008 D startWithConsumablesDesc
0014b180 00000008 D menuButtonDesc
0014b188 00000008 D ingameSpoilersHideDesc
0014b190 00000008 D ingameSpoilersShowDesc
0014b198 00000008 D chestSizeDesc
0014b1a0 00000008 D chestAnimDesc
0014b1a8 00000008 D locationsReachableDesc
0014b1b0 00000008 D damageMultiDesc
0014b1b8 00000008 D veryStrongHintsDesc
0014b1c0 00000008 D strongHintsDesc
0014b1c8 00000008 D balancedHintsDesc
0014b1d0 00000008 D uselessHintsDesc
0014b1d8 00000008 D clearerHintsDesc
0014b1e0 00000008 D gossipStonesHintsDesc
0014b1e8 00000008 D skipSongReplaysDesc
0014b1f0 00000008 D quickTextDesc3
0014b1f8 00000008 D quickTextDesc2
0014b200 00000008 D quickTextDesc1
0014b208 00000008 D quickTextDesc0
0014b210 00000008 D freeScarecrowDesc
0014b218 00000008 D skipMinigamePhasesDesc
0014b220 00000008 D bossKeyAnywhere
0014b228 00000008 D bossKeyOverworld
0014b230 00000008 D bossKeyAnyDungeon
0014b238 00000008 D bossKeyOwnDungeon
0014b240 00000008 D bossKeyVanilla
0014b248 00000008 D bossKeyStartWith
0014b250 00000008 D smallKeyAnywhere
0014b258 00000008 D smallKeyOverworld
0014b260 00000008 D smallKeyAnyDungeon
0014b268 00000008 D smallKeyOwnDungeon
0014b270 00000008 D smallKeyVanilla
0014b278 00000008 D smallKeyStartWith
0014b280 00000008 D mapCompassAnywhere
0014b288 00000008 D mapCompassOverworld
0014b290 00000008 D mapCompassAnyDungeon
0014b298 00000008 D mapCompassOwnDungeon
0014b2a0 00000008 D mapCompassVanilla
0014b2a8 00000008 D mapCompassStartWith
0014b2b0 00000008 D magicBeansDesc
0014b2b8 00000008 D ocarinasDesc
0014b2c0 00000008 D kokiriSwordDesc
0014b2c8 00000008 D shuffleCowsDesc
0014b2d0 00000008 D scrubsRandomPrices
0014b2d8 00000008 D scrubsExpensive
0014b2e0 00000008 D scrubsAffordable
0014b2e8 00000008 D scrubsOff
0014b2f0 00000008 D tokensAllTokens
0014b2f8 00000008 D tokensOverworld
0014b300 00000008 D tokensOff
0014b308 00000008 D shopsRandom
0014b310 00000008 D shopsFour
0014b318 00000008 D shopsThree
0014b320 00000008 D shopsTwo
0014b328 00000008 D shopsOne
0014b330 00000008 D shopsZero
0014b338 00000008 D shopsOff
0014b340 00000008 D songsAllLocations
0014b348 00000008 D songsDungeonRewards
0014b350 00000008 D songsSongLocations
0014b358 00000008 D linksPocketNothing
0014b360 00000008 D linksPocketAnything
0014b368 00000008 D linksPocketAdvancement
0014b370 00000008 D linksPocketDungeonReward
0014b378 00000008 D shuffleRewardsAnywhere
0014b380 00000008 D shuffleRewardsOverworld
0014b388 00000008 D shuffleRewardsAnyDungeon
0014b390 00000008 D shuffleRewardsEndOfDungeon
0014b398 00000008 D scarceHeartsDesc
0014b3a0 00000008 D noHeartRefillDesc
0014b3a8 00000008 D noHeartDropsDesc
0014b3b0 00000008 D defaultHeartDropsDesc
0014b3b8 00000008 D noAmmoDropsDesc
0014b3c0 00000008 D bombchuDropsDesc
0014b3c8 00000008 D defaultAmmoDropsDesc
0014b3d0 00000008 D bombchuLogicDesc
0014b3d8 00000008 D overworldEntrancesDesc
0014b3e0 00000008 D dungeonEntrancesDesc
0014b3e8 00000008 D shuffleEntrancesDesc
0014b3f0 00000008 D logicVanilla
0014b3f8 00000008 D logicNoLogic
0014b400 00000008 D logicGlitched
0014b408 00000008 D logicGlitchless
0014b410 00000008 D dungeonRandomize
0014b418 00000008 D shuffleRandomize
0014b420 00000008 D worldRandomize
0014b428 00000008 D openRandomize
0014b430 00000004 D tinyxml2::XMLUtil::writeBoolTrue
0014b434 00000004 D tinyxml2::XMLUtil::writeBoolFalse
0014b438 0000004c D tinyxml2::XMLDocument::_errorNames
0014b484 00000004 D currentConsole
0014b488 0000004c D defaultConsole
0014b4d4 00000001 d firstConsoleInit.0
0014b4d8 00000004 d kCount
0014b4dc 00000004 d kDelay
0014b4e0 00000004 d kInterval
0014b4e4 W __stacksize__
0014b4e8 00000004 D __cxxabiv1::__unexpected_handler
0014b4ec 00000004 d (anonymous namespace)::system_category_instance
0014b4f0 00000004 d (anonymous namespace)::generic_category_instance
0014b4f4 00000004 D __cxxabiv1::__terminate_handler
0014b4f8 0000000c d __sfp_recursive_mutex
0014b504 0000000c d __sinit_recursive_mutex
0014b510 00000004 D _impure_ptr
0014b518 00000460 d impure_data
0014b978 0000016c D __global_locale
0014bae4 00000408 D __malloc_av_
0014beec 00000004 D __malloc_sbrk_base
0014bef0 00000004 D __malloc_trim_threshold
0014bef4 0000000c d __malloc_recursive_mutex
0014bf00 0000000c D __atexit_recursive_mutex
0014bf0c 00000002 d numempty
0014bf10 00000004 d defaultDevice
0014bf14 0000008c D devoptab_list
0014bfa0 00000400 d _current_working_directory
0014c3a0 00000004 d __hndl_lock
0014c3a4 0000000c d __stderr_handle
0014c3b0 0000000c d __stdin_handle
0014c3bc 0000000c d __stdout_handle
0014c3c8 00001000 d handles
0014d3d0 d _GLOBAL_OFFSET_TABLE_
0014d3dc d __frame_dummy_init_array_entry
0014d3dc D __init_array_start
0014d3dc B __preinit_array_end
0014d3dc B __preinit_array_start
0014d3dc D __tdata_lma
0014d3dc D __tdata_lma_end
0014d414 d __do_global_dtors_aux_fini_array_entry
0014d414 D __fini_array_start
0014d414 D __init_array_end
0014d438 D __bss_start__
0014d438 D __fini_array_end
0014d438 00012b10 b hintTable
0015ff48 0001b300 b itemTable
0017b248 0000000c B ItemPool
0017b254 0000000c B PendingJunkPool
0017b260 0000000c B IceTrapModels
0017b26c 0000004c b (anonymous namespace)::topScreen
0017b2b8 00000004 b (anonymous namespace)::currentMenu
0017b2bc 00000004 b (anonymous namespace)::currentSetting
0017b2c0 0000000c b (anonymous namespace)::presetEntries
0017b2cc 0000004c b (anonymous namespace)::bottomScreen
0017b318 00000002 b (anonymous namespace)::settingBound
0017b31c 0000000c b (anonymous namespace)::menuList
0017b328 00000002 b (anonymous namespace)::pastSeedLength
0017b32a 00000001 b (anonymous namespace)::seedChanged
0017b32c 00000018 b CACHED_SETTINGS_FILENAME
0017b344 00000018 b CACHED_COSMETICS_FILENAME
0017b35c 0000000c B GlitchDifficulties
0017b368 0000000c B Settings::worldOptions
0017b374 0000000c B Settings::shuffleOptions
0017b380 0000000c B Settings::timesaverOptions
0017b38c 0000000c B Settings::miscOptions
0017b398 0000000c B Settings::itemPoolOptions
0017b3a4 0000000c B Settings::excludeLocationsOptions
0017b3b0 0000000c B Settings::startingInventoryOptions
0017b3bc 0000000c B Settings::logicOptions
0017b3c8 0000000c B Settings::glitchOptions
0017b3d4 0000000c B Settings::cosmeticOptions
0017b3e0 00000040 B Settings::StartingSwampToken
0017b420 00000040 B Settings::StartingOceanToken
0017b460 00000018 B Settings::finalChildTunicColor[abi:cxx11]
0017b478 00000018 B Settings::seed[abi:cxx11]
0017b490 00000018 B Settings::version[abi:cxx11]
0017b4a8 00000040 B Settings::RandomizeWorld
0017b4e8 00000040 B Settings::ShuffleEntrances
0017b528 00000040 B Settings::ShuffleDungeonEntrances
0017b568 00000040 B Settings::ShuffleOverworldEntrances
0017b5a8 00000040 B Settings::BombchusInLogic
0017b5e8 00000040 B Settings::RandomizeShuffle
0017b628 00000040 B Settings::ShuffleRewards
0017b668 00000040 B Settings::LinksPocketItem
0017b6a8 00000040 B Settings::ShuffleSongs
0017b6e8 00000040 B Settings::Shopsanity
0017b728 00000040 B Settings::Scrubsanity
0017b768 00000040 B Settings::ShuffleCows
0017b7a8 00000040 B Settings::ShuffleKokiriSword
0017b7e8 00000040 B Settings::ShuffleOcarinas
0017b828 00000040 B Settings::ShuffleMagicBeans
0017b868 00000040 B Settings::RandomizeDungeon
0017b8a8 00000040 B Settings::SkipMinigamePhases
0017b8e8 00000040 B Settings::FreeScarecrow
0017b928 00000040 B Settings::SkipSongReplays
0017b968 00000040 B Settings::ClearerHints
0017b9a8 00000040 B Settings::HintDistribution
0017b9e8 00000040 B Settings::ChestAnimations
0017ba28 00000040 B Settings::ChestSize
0017ba68 00000040 B Settings::GenerateSpoilerLog
0017baa8 00000040 B Settings::IngameSpoilers
0017bae8 00000040 B Settings::MenuOpeningButton
0017bb28 00000040 B Settings::RandomTrapDmg
0017bb68 00000040 B Settings::RemoveDoubleDefense
0017bba8 0000000c B Settings::bottleOptions[abi:cxx11]
0017bbb4 0000000c B Settings::healthOptions[abi:cxx11]
0017bbc0 00000040 B Settings::StartingConsumables
0017bc00 00000040 B Settings::StartingMaxRupees
0017bc40 00000040 B Settings::StartingInventoryToggle
0017bc80 00000040 B Settings::StartingNutCapacity
0017bcc0 00000040 B Settings::StartingOcarina
0017bd00 00000040 B Settings::StartingBombBag
0017bd40 00000040 B Settings::StartingBombchus
0017bd80 00000040 B Settings::StartingHookshot
0017bdc0 00000040 B Settings::StartingBow
0017be00 00000040 B Settings::StartingFireArrows
0017be40 00000040 B Settings::StartingIceArrows
0017be80 00000040 B Settings::StartingLightArrows
0017bec0 00000040 B Settings::StartingLensOfTruth
0017bf00 00000040 B Settings::StartingMagicBean
0017bf40 00000040 B Settings::StartingBottle1
0017bf80 00000040 B Settings::StartingBottle2
0017bfc0 00000040 B Settings::StartingBottle3
0017c000 00000040 B Settings::StartingBottle4
0017c040 00000040 B Settings::StartingBottle5
0017c080 00000040 B Settings::StartingBottle6
0017c0c0 00000040 B Settings::StartingBottle7
0017c100 00000040 B Settings::StartingBottle8
0017c140 00000040 B Settings::StartingSongsToggle
0017c180 00000040 B Settings::StartingOathToOrder
0017c1c0 00000040 B Settings::StartingEponasSong
0017c200 00000040 B Settings::StartingInvertedSong
0017c240 00000040 B Settings::StartingDoubleSong
0017c280 00000040 B Settings::StartingSongOfTime
0017c2c0 00000040 B Settings::StartingSongOfStorms
0017c300 00000040 B Settings::StartingSonataOfAwakening
0017c340 00000040 B Settings::StartingGoronsLullaby
0017c380 00000040 B Settings::StartingNewWaveBossaNova
0017c3c0 00000040 B Settings::StartingElegyOfEmptiness
0017c400 00000040 B Settings::StartingSongOfHealing
0017c440 00000040 B Settings::StartingSongOfSoaring
0017c480 00000040 B Settings::StartingUpgradesToggle
0017c4c0 00000040 B Settings::StartingKokiriSword
0017c500 00000040 B Settings::StartingGreatFairySword
0017c540 00000040 B Settings::StartingHerosShield
0017c580 00000040 B Settings::StartingMirrorShield
0017c5c0 00000040 B Settings::StartingWallet
0017c600 00000040 B Settings::StartingHealth
0017c640 00000040 B Settings::StartingMagicMeter
0017c680 00000040 B Settings::StartingDoubleDefense
0017c6c0 00000040 B Settings::StartingQuestToggle
0017c700 00000040 B Settings::StartingOdolwaRemains
0017c740 00000040 B Settings::StartingGohtRemains
0017c780 00000040 B Settings::StartingGyorgRemains
0017c7c0 00000040 B Settings::StartingTwinmoldRemains
0017c800 00000040 B Settings::Logic
0017c840 00000040 B Settings::LocationsReachable
0017c880 00000040 B Settings::GlitchISG
0017c8c0 00000040 B Settings::GlitchHover
0017c900 00000040 B Settings::GlitchMegaflip
0017c940 00000040 B Settings::GlitchHookshotClip
0017c980 00000040 B Settings::GlitchHookshotJump_Bonk
0017c9c0 00000040 B Settings::GlitchHookshotJump_Boots
0017ca00 00000040 B Settings::GlitchLedgeClip
0017ca40 00000040 B Settings::GlitchTripleSlashClip
0017ca80 0000000c b Settings::tunicOptions
0017ca8c 0000000c b Settings::cosmeticDescriptions
0017ca98 00000040 B Settings::CustomTunicColors
0017cad8 00000040 B Settings::ChildTunicColor
0017cb18 00000040 B Settings::ColoredKeys
0017cb58 00000040 B Settings::ColoredBossKeys
0017cb98 0000000c b Settings::fanfareOptions
0017cba4 0000000c b Settings::fanfareDescriptions
0017cbb0 00000040 B Settings::ShuffleMusic
0017cbf0 00000040 B Settings::ShuffleBGM
0017cc30 00000040 B Settings::ShuffleFanfares
0017cc70 00000040 B Settings::ShuffleOcaMusic
0017ccb0 00000030 B Settings::loadSettingsPreset
0017cce0 00000030 B Settings::saveSettingsPreset
0017cd10 00000030 B Settings::deleteSettingsPreset
0017cd40 00000030 B Settings::resetToDefaultSettings
0017cd70 0000000c B Settings::settingsPresetItems
0017cd7c 00000030 B Settings::logicSettings
0017cdac 00000030 B Settings::excludeLocations
0017cddc 00000030 B Settings::glitchSettings
0017ce0c 0000000c B Settings::detailedLogicOptions
0017ce18 00000030 B Settings::world
0017ce48 00000030 B Settings::shuffle
0017ce78 00000030 B Settings::detailedLogic
0017cea8 00000030 B Settings::startingInventory
0017ced8 00000030 B Settings::timesaverSettings
0017cf08 00000030 B Settings::miscSettings
0017cf38 00000030 B Settings::itemPoolSettings
0017cf68 00000030 B Settings::settingsPresets
0017cf98 00000030 B Settings::cosmetics
0017cfc8 00000030 B Settings::generateRandomizer
0017cff8 0000000c B Settings::mainMenu
0017d004 00000001 B Settings::PlayOption
0017d008 00000024 B Settings::rDungeonRewardOverrides
0017d02c 00000004 B Settings::LinksPocketRewardBitMask
0017d030 00000001 B Settings::HasNightStart
0017d034 00000005 B Settings::hashIconIndexes
0017d03c 0000000c B StartingInventory
0017d048 00000001 B AdditionalHeartContainers
0017d049 b completed.1
0017d04c b object.0
0017d064 0000004c B currentCopy
0017d0b0 00000004 b gfxBottomFramebufferMaxSize
0017d0b4 00000008 b gfxBottomFramebuffers
0017d0bc 00000002 b gfxCurBuf
0017d0c0 00000002 b gfxFramebufferFormats
0017d0c4 00000002 b gfxIsDoubleBuf
0017d0c6 00000001 b gfxIsVram
0017d0c8 00000004 b gfxTopFramebufferMaxSize
0017d0cc 00000008 b gfxTopFramebuffers
0017d0d4 00000001 b gfxTopMode
0017d0d8 00000004 b screenAlloc
0017d0dc 00000004 b screenFree
0017d0e0 00000004 b gspEvent
0017d0e4 0000001c b gspEventCb
0017d100 0000001c b gspEventCbData
0017d11c 00000007 b gspEventCbOneShot
0017d124 00000004 b gspEventThread
0017d128 00000038 b gspEvents
0017d160 00000004 b gspGpuHandle
0017d164 00000001 b gspGpuRight
0017d168 00000004 b gspLastEvent
0017d16c 00000004 b gspRefCount
0017d170 00000001 b gspRunEvents
0017d174 00000004 b gspSharedMem
0017d178 00000004 b gspSharedMemHandle
0017d17c 00000001 b gspThreadId
0017d17d 00000001 b aptChainloadFlags
0017d17e 00000001 b aptChainloadMediatype
0017d180 00000008 b aptChainloadTid
0017d188 00000004 b aptEventHandlerThread
0017d18c 00000001 b aptEventHandlerThreadQuit
0017d190 00000008 b aptEvents
0017d198 0000000c b aptFirstHook
0017d1a4 00000004 b aptFlags
0017d1a8 00000001 b aptHomeButtonState
0017d1ac 00000004 b aptLockHandle
0017d1b0 00000004 b aptMessageFunc
0017d1b4 00000004 b aptMessageFuncData
0017d1b8 00001000 b aptParameters
0017e1b8 00000008 b aptReceiveEvent
0017e1c0 00000004 b aptRefCount
0017e1c4 00000008 b aptSleepEvent
0017e1cc 00000001 b flagInit.1
0017e1cd 00000001 b flagValue.0
0017e1d0 00000004 b serviceName.6
0017e1d4 00000006 b aVec
0017e1dc 00000004 b cPos
0017e1e0 00000006 b gRate
0017e1e8 00000014 B hidEvents
0017e1fc 00000004 B hidHandle
0017e200 00000004 B hidMemHandle
0017e204 00000004 b hidRefCount
0017e208 00000004 B hidSharedMem
0017e20c 00000004 b kDown
0017e210 00000004 b kHeld
0017e214 00000004 b kOld
0017e218 00000004 b kRepeat
0017e21c 00000004 b kUp
0017e220 00000004 b tPos
0017e224 00000001 b usingIrrst
0017e228 00000080 b fsExemptArchives
0017e2a8 00000004 b fsuHandle
0017e2ac 00000004 b fsuRefCount
0017e2b0 00000004 B __system_retAddr
0017e2b4 00000004 B __system_argc
0017e2b8 00000004 B __system_argv
0017e2bc b saved_stack
0017e2c4 0000000c b sAddrMap
0017e2d0 00000008 b sVramPool
0017e2d8 00000008 b sLinearPool
0017e2e0 0000000c b sAddrMap
0017e2ec 00000004 b arbiter
0017e2f0 00000001 V __ctru_speedup
0017e2f4 00000004 b srvHandle
0017e2f8 00000004 b srvRefCount
0017e2fc 00000004 b currentAddr
0017e300 00000004 b maxAddr
0017e304 00000004 b minAddr
0017e308 00000004 b csPos
0017e30c 00000004 B irrstEvent
0017e310 00000004 B irrstHandle
0017e314 00000004 B irrstMemHandle
0017e318 00000004 b irrstRefCount
0017e31c 00000004 B irrstSharedMem
0017e320 00000004 b kHeld
0017e324 00000004 b srvPmHandle
0017e328 00000004 b ptmSysmHandle
0017e32c 00000004 b ptmSysmRefCount
0017e330 00000004 B __ctru_heap
0017e334 00000004 V __ctru_heap_size
0017e338 00000004 B __ctru_linear_heap
0017e33c 00000004 V __ctru_linear_heap_size
0017e340 00000004 b archive_device_cwd
0017e348 00000540 b archive_devices
0017e888 00000001 b archive_initialized
0017e88c 00000010 V std::string::_Rep::_S_empty_rep_storage
0017e89c 00000004 V guard variable for std::__cxx11::collate<char>::id
0017e8a0 00000004 V guard variable for std::__cxx11::messages<char>::id
0017e8a4 00000004 V guard variable for std::__cxx11::time_get<char, std::istreambuf_iterator<char, std::char_traits<char> > >::id
0017e8a8 00000004 V guard variable for std::__cxx11::numpunct<char>::id
0017e8ac 00000004 V guard variable for std::__cxx11::moneypunct<char, true>::id
0017e8b0 00000004 V guard variable for std::__cxx11::moneypunct<char, false>::id
0017e8b4 00000004 V guard variable for std::__cxx11::money_put<char, std::ostreambuf_iterator<char, std::char_traits<char> > >::id
0017e8b8 00000004 V guard variable for std::__cxx11::money_get<char, std::istreambuf_iterator<char, std::char_traits<char> > >::id
0017e8bc 00000004 V guard variable for std::__cxx11::collate<wchar_t>::id
0017e8c0 00000004 V guard variable for std::__cxx11::messages<wchar_t>::id
0017e8c4 00000004 V guard variable for std::__cxx11::time_get<wchar_t, std::istreambuf_iterator<wchar_t, std::char_traits<wchar_t> > >::id
0017e8c8 00000004 V guard variable for std::__cxx11::numpunct<wchar_t>::id
0017e8cc 00000004 V guard variable for std::__cxx11::moneypunct<wchar_t, true>::id
0017e8d0 00000004 V guard variable for std::__cxx11::moneypunct<wchar_t, false>::id
0017e8d4 00000004 V guard variable for std::__cxx11::money_put<wchar_t, std::ostreambuf_iterator<wchar_t, std::char_traits<wchar_t> > >::id
0017e8d8 00000004 V guard variable for std::__cxx11::money_get<wchar_t, std::istreambuf_iterator<wchar_t, std::char_traits<wchar_t> > >::id
0017e8dc 00000004 V guard variable for std::collate<char>::id
0017e8e0 00000004 V guard variable for std::messages<char>::id
0017e8e4 00000004 V guard variable for std::time_get<char, std::istreambuf_iterator<char, std::char_traits<char> > >::id
0017e8e8 00000004 V guard variable for std::time_put<char, std::ostreambuf_iterator<char, std::char_traits<char> > >::id
0017e8ec 00000004 V guard variable for std::__timepunct<char>::id
0017e8f0 00000004 V guard variable for std::numpunct<char>::id
0017e8f4 00000004 V guard variable for std::moneypunct<char, true>::id
0017e8f8 00000004 V guard variable for std::moneypunct<char, false>::id
0017e8fc 00000004 V guard variable for std::money_put<char, std::ostreambuf_iterator<char, std::char_traits<char> > >::id
0017e900 00000004 V guard variable for std::money_get<char, std::istreambuf_iterator<char, std::char_traits<char> > >::id
0017e904 00000004 V guard variable for std::num_put<char, std::ostreambuf_iterator<char, std::char_traits<char> > >::id
0017e908 00000004 V guard variable for std::num_get<char, std::istreambuf_iterator<char, std::char_traits<char> > >::id
0017e90c 00000004 V guard variable for std::collate<wchar_t>::id
0017e910 00000004 V guard variable for std::messages<wchar_t>::id
0017e914 00000004 V guard variable for std::time_get<wchar_t, std::istreambuf_iterator<wchar_t, std::char_traits<wchar_t> > >::id
0017e918 00000004 V guard variable for std::time_put<wchar_t, std::ostreambuf_iterator<wchar_t, std::char_traits<wchar_t> > >::id
0017e91c 00000004 V guard variable for std::__timepunct<wchar_t>::id
0017e920 00000004 V guard variable for std::numpunct<wchar_t>::id
0017e924 00000004 V guard variable for std::moneypunct<wchar_t, true>::id
0017e928 00000004 V guard variable for std::moneypunct<wchar_t, false>::id
0017e92c 00000004 V guard variable for std::money_put<wchar_t, std::ostreambuf_iterator<wchar_t, std::char_traits<wchar_t> > >::id
0017e930 00000004 V guard variable for std::money_get<wchar_t, std::istreambuf_iterator<wchar_t, std::char_traits<wchar_t> > >::id
0017e934 00000004 V guard variable for std::num_put<wchar_t, std::ostreambuf_iterator<wchar_t, std::char_traits<wchar_t> > >::id
0017e938 00000004 V guard variable for std::num_get<wchar_t, std::istreambuf_iterator<wchar_t, std::char_traits<wchar_t> > >::id
0017e93c 00000010 b (anonymous namespace)::emergency_pool
0017e94c 0000000c b eh_globals
0017e958 00000004 b (anonymous namespace)::__new_handler
0017e95c 00000028 B __malloc_current_mallinfo
0017e984 00000004 B __malloc_max_sbrked_mem
0017e988 00000004 B __malloc_max_total_mem
0017e98c 00000004 B __malloc_top_pad
0017e990 00000004 b heap_start.0
0017e994 00000004 B fake_heap_end
0017e998 00000004 B fake_heap_start
0017e99c 00000400 b temp_cwd
0017ed9c 00000048 B __syscalls
0017ede4 B __tls_start
0017f9ec B __bss_end__
0017f9ec A __end__
0017f9ec B __tls_end
